<?xml version="1.0" encoding="UTF-8"?>
<coverage generated="1670150524980" clover="3.2.0">
  <project timestamp="1670150524981" name="All files">
    <metrics statements="235" coveredstatements="234" conditionals="62" coveredconditionals="60" methods="73" coveredmethods="73" elements="370" coveredelements="367" complexity="0" loc="235" ncloc="235" packages="1" files="6" classes="6"/>
    <file name="DbManager.js" path="/Users/francescorosati/Desktop/Software engineering 2/Projects/MAIN PROJECT/polito-se2-22-18-HT/server/modules/DbManager.js">
      <metrics statements="15" coveredstatements="15" conditionals="2" coveredconditionals="1" methods="1" coveredmethods="1"/>
      <line num="3" count="5" type="stmt"/>
      <line num="5" count="5" type="stmt"/>
      <line num="13" count="5" type="stmt"/>
      <line num="14" count="5" type="cond" truecount="1" falsecount="1"/>
      <line num="17" count="5" type="stmt"/>
      <line num="18" count="5" type="stmt"/>
      <line num="19" count="5" type="stmt"/>
      <line num="20" count="5" type="stmt"/>
      <line num="21" count="5" type="stmt"/>
      <line num="23" count="5" type="stmt"/>
      <line num="24" count="5" type="stmt"/>
      <line num="25" count="5" type="stmt"/>
      <line num="26" count="5" type="stmt"/>
      <line num="27" count="5" type="stmt"/>
      <line num="29" count="5" type="stmt"/>
    </file>
    <file name="hike-dao.js" path="/Users/francescorosati/Desktop/Software engineering 2/Projects/MAIN PROJECT/polito-se2-22-18-HT/server/modules/hike-dao.js">
      <metrics statements="84" coveredstatements="84" conditionals="30" coveredconditionals="30" methods="23" coveredmethods="23"/>
      <line num="3" count="5" type="stmt"/>
      <line num="6" count="5" type="stmt"/>
      <line num="7" count="5" type="stmt"/>
      <line num="11" count="5" type="stmt"/>
      <line num="12" count="1" type="stmt"/>
      <line num="13" count="1" type="stmt"/>
      <line num="14" count="1" type="stmt"/>
      <line num="66" count="5" type="stmt"/>
      <line num="67" count="7" type="stmt"/>
      <line num="88" count="7" type="cond" truecount="2" falsecount="0"/>
      <line num="89" count="3" type="stmt"/>
      <line num="91" count="7" type="cond" truecount="4" falsecount="0"/>
      <line num="92" count="3" type="stmt"/>
      <line num="94" count="7" type="cond" truecount="2" falsecount="0"/>
      <line num="95" count="3" type="stmt"/>
      <line num="97" count="7" type="cond" truecount="2" falsecount="0"/>
      <line num="98" count="2" type="stmt"/>
      <line num="103" count="7" type="cond" truecount="2" falsecount="0"/>
      <line num="104" count="4" type="stmt"/>
      <line num="109" count="7" type="cond" truecount="2" falsecount="0"/>
      <line num="110" count="3" type="stmt"/>
      <line num="142" count="7" type="stmt"/>
      <line num="143" count="7" type="stmt"/>
      <line num="144" count="4" type="cond" truecount="2" falsecount="0"/>
      <line num="145" count="1" type="stmt"/>
      <line num="146" count="1" type="stmt"/>
      <line num="147" count="1" type="stmt"/>
      <line num="149" count="3" type="stmt"/>
      <line num="150" count="50" type="stmt"/>
      <line num="165" count="3" type="stmt"/>
      <line num="171" count="5" type="stmt"/>
      <line num="172" count="3" type="stmt"/>
      <line num="174" count="3" type="stmt"/>
      <line num="176" count="3" type="stmt"/>
      <line num="191" count="3" type="cond" truecount="2" falsecount="0"/>
      <line num="192" count="1" type="stmt"/>
      <line num="193" count="1" type="stmt"/>
      <line num="194" count="1" type="stmt"/>
      <line num="196" count="2" type="stmt"/>
      <line num="203" count="5" type="stmt"/>
      <line num="204" count="4" type="stmt"/>
      <line num="205" count="4" type="stmt"/>
      <line num="206" count="4" type="stmt"/>
      <line num="207" count="4" type="cond" truecount="2" falsecount="0"/>
      <line num="208" count="1" type="stmt"/>
      <line num="209" count="1" type="stmt"/>
      <line num="210" count="1" type="stmt"/>
      <line num="212" count="3" type="cond" truecount="2" falsecount="0"/>
      <line num="213" count="2" type="stmt"/>
      <line num="226" count="2" type="stmt"/>
      <line num="228" count="1" type="stmt"/>
      <line num="273" count="5" type="stmt"/>
      <line num="274" count="5" type="stmt"/>
      <line num="276" count="5" type="stmt"/>
      <line num="278" count="5" type="stmt"/>
      <line num="279" count="5" type="cond" truecount="2" falsecount="0"/>
      <line num="280" count="1" type="stmt"/>
      <line num="281" count="1" type="stmt"/>
      <line num="282" count="1" type="stmt"/>
      <line num="284" count="4" type="stmt"/>
      <line num="290" count="5" type="stmt"/>
      <line num="291" count="4" type="stmt"/>
      <line num="292" count="4" type="stmt"/>
      <line num="293" count="4" type="stmt"/>
      <line num="294" count="4" type="cond" truecount="2" falsecount="0"/>
      <line num="295" count="1" type="stmt"/>
      <line num="296" count="1" type="stmt"/>
      <line num="297" count="1" type="stmt"/>
      <line num="299" count="3" type="cond" truecount="2" falsecount="0"/>
      <line num="300" count="2" type="stmt"/>
      <line num="305" count="2" type="stmt"/>
      <line num="307" count="1" type="stmt"/>
      <line num="314" count="5" type="stmt"/>
      <line num="315" count="4" type="stmt"/>
      <line num="316" count="4" type="stmt"/>
      <line num="317" count="4" type="stmt"/>
      <line num="318" count="4" type="cond" truecount="2" falsecount="0"/>
      <line num="319" count="1" type="stmt"/>
      <line num="320" count="1" type="stmt"/>
      <line num="321" count="1" type="stmt"/>
      <line num="323" count="3" type="stmt"/>
      <line num="324" count="4" type="stmt"/>
      <line num="333" count="3" type="stmt"/>
      <line num="340" count="5" type="stmt"/>
    </file>
    <file name="municipality-dao.js" path="/Users/francescorosati/Desktop/Software engineering 2/Projects/MAIN PROJECT/polito-se2-22-18-HT/server/modules/municipality-dao.js">
      <metrics statements="18" coveredstatements="18" conditionals="2" coveredconditionals="2" methods="7" coveredmethods="7"/>
      <line num="3" count="5" type="stmt"/>
      <line num="6" count="5" type="stmt"/>
      <line num="10" count="5" type="stmt"/>
      <line num="11" count="1" type="stmt"/>
      <line num="12" count="1" type="stmt"/>
      <line num="13" count="1" type="stmt"/>
      <line num="54" count="5" type="stmt"/>
      <line num="55" count="2" type="stmt"/>
      <line num="56" count="2" type="stmt"/>
      <line num="57" count="2" type="stmt"/>
      <line num="58" count="2" type="cond" truecount="2" falsecount="0"/>
      <line num="59" count="1" type="stmt"/>
      <line num="60" count="1" type="stmt"/>
      <line num="61" count="1" type="stmt"/>
      <line num="63" count="1" type="stmt"/>
      <line num="64" count="316" type="stmt"/>
      <line num="70" count="1" type="stmt"/>
      <line num="78" count="5" type="stmt"/>
    </file>
    <file name="place-dao.js" path="/Users/francescorosati/Desktop/Software engineering 2/Projects/MAIN PROJECT/polito-se2-22-18-HT/server/modules/place-dao.js">
      <metrics statements="39" coveredstatements="39" conditionals="8" coveredconditionals="8" methods="13" coveredmethods="13"/>
      <line num="2" count="5" type="stmt"/>
      <line num="5" count="5" type="stmt"/>
      <line num="9" count="5" type="stmt"/>
      <line num="10" count="1" type="stmt"/>
      <line num="11" count="1" type="stmt"/>
      <line num="12" count="1" type="stmt"/>
      <line num="53" count="5" type="stmt"/>
      <line num="54" count="8" type="stmt"/>
      <line num="56" count="8" type="stmt"/>
      <line num="57" count="8" type="stmt"/>
      <line num="58" count="8" type="cond" truecount="2" falsecount="0"/>
      <line num="59" count="1" type="stmt"/>
      <line num="60" count="1" type="stmt"/>
      <line num="61" count="1" type="stmt"/>
      <line num="63" count="7" type="stmt"/>
      <line num="64" count="214" type="stmt"/>
      <line num="73" count="7" type="stmt"/>
      <line num="79" count="5" type="stmt"/>
      <line num="80" count="8" type="stmt"/>
      <line num="81" count="8" type="stmt"/>
      <line num="82" count="8" type="stmt"/>
      <line num="83" count="8" type="cond" truecount="2" falsecount="0"/>
      <line num="84" count="1" type="stmt"/>
      <line num="85" count="1" type="stmt"/>
      <line num="86" count="1" type="stmt"/>
      <line num="88" count="7" type="cond" truecount="2" falsecount="0"/>
      <line num="89" count="1" type="stmt"/>
      <line num="97" count="1" type="stmt"/>
      <line num="99" count="6" type="stmt"/>
      <line num="113" count="5" type="stmt"/>
      <line num="114" count="4" type="stmt"/>
      <line num="115" count="4" type="stmt"/>
      <line num="117" count="4" type="stmt"/>
      <line num="118" count="4" type="cond" truecount="2" falsecount="0"/>
      <line num="119" count="1" type="stmt"/>
      <line num="120" count="1" type="stmt"/>
      <line num="121" count="1" type="stmt"/>
      <line num="123" count="3" type="stmt"/>
      <line num="132" count="5" type="stmt"/>
    </file>
    <file name="province-dao.js" path="/Users/francescorosati/Desktop/Software engineering 2/Projects/MAIN PROJECT/polito-se2-22-18-HT/server/modules/province-dao.js">
      <metrics statements="18" coveredstatements="18" conditionals="2" coveredconditionals="2" methods="7" coveredmethods="7"/>
      <line num="3" count="5" type="stmt"/>
      <line num="6" count="5" type="stmt"/>
      <line num="10" count="5" type="stmt"/>
      <line num="11" count="1" type="stmt"/>
      <line num="12" count="1" type="stmt"/>
      <line num="13" count="1" type="stmt"/>
      <line num="53" count="5" type="stmt"/>
      <line num="55" count="2" type="stmt"/>
      <line num="57" count="2" type="stmt"/>
      <line num="58" count="2" type="stmt"/>
      <line num="59" count="2" type="cond" truecount="2" falsecount="0"/>
      <line num="60" count="1" type="stmt"/>
      <line num="61" count="1" type="stmt"/>
      <line num="62" count="1" type="stmt"/>
      <line num="65" count="1" type="stmt"/>
      <line num="66" count="106" type="stmt"/>
      <line num="72" count="1" type="stmt"/>
      <line num="79" count="5" type="stmt"/>
    </file>
    <file name="user-dao.js" path="/Users/francescorosati/Desktop/Software engineering 2/Projects/MAIN PROJECT/polito-se2-22-18-HT/server/modules/user-dao.js">
      <metrics statements="61" coveredstatements="60" conditionals="18" coveredconditionals="17" methods="22" coveredmethods="22"/>
      <line num="2" count="5" type="stmt"/>
      <line num="3" count="5" type="stmt"/>
      <line num="6" count="5" type="stmt"/>
      <line num="10" count="5" type="stmt"/>
      <line num="11" count="1" type="stmt"/>
      <line num="12" count="1" type="stmt"/>
      <line num="13" count="1" type="stmt"/>
      <line num="55" count="5" type="stmt"/>
      <line num="56" count="5" type="stmt"/>
      <line num="57" count="5" type="stmt"/>
      <line num="58" count="5" type="stmt"/>
      <line num="59" count="5" type="cond" truecount="2" falsecount="0"/>
      <line num="60" count="4" type="cond" truecount="2" falsecount="0"/>
      <line num="62" count="2" type="stmt"/>
      <line num="68" count="2" type="stmt"/>
      <line num="75" count="5" type="stmt"/>
      <line num="76" count="5" type="stmt"/>
      <line num="77" count="5" type="stmt"/>
      <line num="78" count="5" type="stmt"/>
      <line num="79" count="5" type="cond" truecount="2" falsecount="0"/>
      <line num="80" count="1" type="stmt"/>
      <line num="81" count="4" type="cond" truecount="2" falsecount="0"/>
      <line num="82" count="1" type="stmt"/>
      <line num="85" count="3" type="stmt"/>
      <line num="94" count="3" type="stmt"/>
      <line num="95" count="3" type="cond" truecount="2" falsecount="0"/>
      <line num="96" count="1" type="stmt"/>
      <line num="103" count="5" type="stmt"/>
      <line num="104" count="2" type="stmt"/>
      <line num="106" count="2" type="stmt"/>
      <line num="108" count="2" type="stmt"/>
      <line num="110" count="2" type="stmt"/>
      <line num="111" count="2" type="cond" truecount="1" falsecount="1"/>
      <line num="112" count="0" type="stmt"/>
      <line num="115" count="2" type="stmt"/>
      <line num="116" count="2" type="cond" truecount="2" falsecount="0"/>
      <line num="117" count="1" type="stmt"/>
      <line num="118" count="1" type="stmt"/>
      <line num="119" count="1" type="stmt"/>
      <line num="121" count="1" type="stmt"/>
      <line num="131" count="5" type="stmt"/>
      <line num="132" count="3" type="stmt"/>
      <line num="133" count="3" type="stmt"/>
      <line num="134" count="3" type="stmt"/>
      <line num="135" count="3" type="cond" truecount="2" falsecount="0"/>
      <line num="136" count="1" type="stmt"/>
      <line num="137" count="1" type="stmt"/>
      <line num="138" count="1" type="stmt"/>
      <line num="140" count="2" type="stmt"/>
      <line num="182" count="5" type="stmt"/>
      <line num="183" count="2" type="stmt"/>
      <line num="184" count="2" type="stmt"/>
      <line num="185" count="2" type="stmt"/>
      <line num="186" count="2" type="cond" truecount="2" falsecount="0"/>
      <line num="187" count="1" type="stmt"/>
      <line num="188" count="1" type="stmt"/>
      <line num="189" count="1" type="stmt"/>
      <line num="191" count="1" type="stmt"/>
      <line num="192" count="2" type="stmt"/>
      <line num="197" count="1" type="stmt"/>
      <line num="205" count="5" type="stmt"/>
    </file>
  </project>
</coverage>
