{"/Users/francescorosati/Desktop/Software engineering 2/Projects/MAIN PROJECT/polito-se2-22-18-HT/server/modules/DbManager.js": {"path":"/Users/francescorosati/Desktop/Software engineering 2/Projects/MAIN PROJECT/polito-se2-22-18-HT/server/modules/DbManager.js","statementMap":{"0":{"start":{"line":3,"column":15},"end":{"line":3,"column":33}},"1":{"start":{"line":5,"column":13},"end":{"line":11,"column":2}},"2":{"start":{"line":13,"column":11},"end":{"line":15,"column":2}},"3":{"start":{"line":14,"column":1},"end":{"line":14,"column":20}},"4":{"start":{"line":14,"column":10},"end":{"line":14,"column":20}},"5":{"start":{"line":17,"column":16},"end":{"line":17,"column":37}},"6":{"start":{"line":18,"column":20},"end":{"line":18,"column":45}},"7":{"start":{"line":19,"column":24},"end":{"line":19,"column":53}},"8":{"start":{"line":20,"column":17},"end":{"line":20,"column":39}},"9":{"start":{"line":21,"column":16},"end":{"line":21,"column":37}},"10":{"start":{"line":23,"column":17},"end":{"line":23,"column":38}},"11":{"start":{"line":24,"column":21},"end":{"line":24,"column":40}},"12":{"start":{"line":25,"column":25},"end":{"line":25,"column":48}},"13":{"start":{"line":26,"column":18},"end":{"line":26,"column":34}},"14":{"start":{"line":27,"column":17},"end":{"line":27,"column":32}},"15":{"start":{"line":29,"column":0},"end":{"line":29,"column":83}}},"fnMap":{"0":{"name":"(anonymous_0)","decl":{"start":{"line":13,"column":49},"end":{"line":13,"column":50}},"loc":{"start":{"line":13,"column":58},"end":{"line":15,"column":1}},"line":13}},"branchMap":{"0":{"loc":{"start":{"line":14,"column":1},"end":{"line":14,"column":20}},"type":"if","locations":[{"start":{"line":14,"column":1},"end":{"line":14,"column":20}},{"start":{},"end":{}}],"line":14}},"s":{"0":5,"1":5,"2":5,"3":5,"4":0,"5":5,"6":5,"7":5,"8":5,"9":5,"10":5,"11":5,"12":5,"13":5,"14":5,"15":5},"f":{"0":5},"b":{"0":[0,5]},"_coverageSchema":"1a1c01bbd47fc00a2c39e90264f33305004495a9","hash":"05cef30bd997f255d03d66e56cf89dceb7aae733"}
,"/Users/francescorosati/Desktop/Software engineering 2/Projects/MAIN PROJECT/polito-se2-22-18-HT/server/modules/hike-dao.js": {"path":"/Users/francescorosati/Desktop/Software engineering 2/Projects/MAIN PROJECT/polito-se2-22-18-HT/server/modules/hike-dao.js","statementMap":{"0":{"start":{"line":3,"column":10},"end":{"line":3,"column":28}},"1":{"start":{"line":6,"column":2},"end":{"line":6,"column":15}},"2":{"start":{"line":7,"column":2},"end":{"line":7,"column":19}},"3":{"start":{"line":11,"column":15},"end":{"line":16,"column":2}},"4":{"start":{"line":12,"column":2},"end":{"line":15,"column":5}},"5":{"start":{"line":13,"column":3},"end":{"line":13,"column":19}},"6":{"start":{"line":14,"column":3},"end":{"line":14,"column":17}},"7":{"start":{"line":66,"column":23},"end":{"line":169,"column":2}},"8":{"start":{"line":67,"column":12},"end":{"line":86,"column":78}},"9":{"start":{"line":88,"column":2},"end":{"line":90,"column":3}},"10":{"start":{"line":89,"column":3},"end":{"line":89,"column":57}},"11":{"start":{"line":91,"column":2},"end":{"line":93,"column":3}},"12":{"start":{"line":92,"column":3},"end":{"line":92,"column":65}},"13":{"start":{"line":94,"column":2},"end":{"line":96,"column":3}},"14":{"start":{"line":95,"column":3},"end":{"line":95,"column":60}},"15":{"start":{"line":97,"column":2},"end":{"line":102,"column":3}},"16":{"start":{"line":98,"column":3},"end":{"line":101,"column":6}},"17":{"start":{"line":103,"column":2},"end":{"line":108,"column":3}},"18":{"start":{"line":104,"column":3},"end":{"line":107,"column":6}},"19":{"start":{"line":109,"column":2},"end":{"line":114,"column":3}},"20":{"start":{"line":110,"column":3},"end":{"line":113,"column":6}},"21":{"start":{"line":142,"column":2},"end":{"line":168,"column":5}},"22":{"start":{"line":143,"column":3},"end":{"line":167,"column":6}},"23":{"start":{"line":144,"column":4},"end":{"line":166,"column":5}},"24":{"start":{"line":145,"column":5},"end":{"line":145,"column":46}},"25":{"start":{"line":146,"column":5},"end":{"line":146,"column":22}},"26":{"start":{"line":147,"column":5},"end":{"line":147,"column":17}},"27":{"start":{"line":149,"column":19},"end":{"line":164,"column":7}},"28":{"start":{"line":150,"column":6},"end":{"line":163,"column":8}},"29":{"start":{"line":165,"column":5},"end":{"line":165,"column":20}},"30":{"start":{"line":171,"column":14},"end":{"line":201,"column":2}},"31":{"start":{"line":172,"column":2},"end":{"line":200,"column":5}},"32":{"start":{"line":174,"column":4},"end":{"line":174,"column":171}},"33":{"start":{"line":176,"column":3},"end":{"line":199,"column":5}},"34":{"start":{"line":191,"column":5},"end":{"line":197,"column":6}},"35":{"start":{"line":192,"column":6},"end":{"line":192,"column":47}},"36":{"start":{"line":193,"column":6},"end":{"line":193,"column":23}},"37":{"start":{"line":194,"column":6},"end":{"line":194,"column":18}},"38":{"start":{"line":196,"column":6},"end":{"line":196,"column":27}},"39":{"start":{"line":203,"column":15},"end":{"line":233,"column":2}},"40":{"start":{"line":204,"column":2},"end":{"line":232,"column":5}},"41":{"start":{"line":205,"column":15},"end":{"line":205,"column":54}},"42":{"start":{"line":206,"column":3},"end":{"line":231,"column":6}},"43":{"start":{"line":207,"column":4},"end":{"line":230,"column":5}},"44":{"start":{"line":208,"column":5},"end":{"line":208,"column":46}},"45":{"start":{"line":209,"column":5},"end":{"line":209,"column":22}},"46":{"start":{"line":210,"column":5},"end":{"line":210,"column":17}},"47":{"start":{"line":212,"column":5},"end":{"line":229,"column":6}},"48":{"start":{"line":213,"column":19},"end":{"line":225,"column":7}},"49":{"start":{"line":226,"column":6},"end":{"line":226,"column":20}},"50":{"start":{"line":228,"column":6},"end":{"line":228,"column":20}},"51":{"start":{"line":273,"column":19},"end":{"line":288,"column":2}},"52":{"start":{"line":274,"column":2},"end":{"line":287,"column":5}},"53":{"start":{"line":276,"column":4},"end":{"line":276,"column":62}},"54":{"start":{"line":278,"column":3},"end":{"line":286,"column":6}},"55":{"start":{"line":279,"column":4},"end":{"line":285,"column":5}},"56":{"start":{"line":280,"column":5},"end":{"line":280,"column":46}},"57":{"start":{"line":281,"column":5},"end":{"line":281,"column":22}},"58":{"start":{"line":282,"column":5},"end":{"line":282,"column":17}},"59":{"start":{"line":284,"column":5},"end":{"line":284,"column":19}},"60":{"start":{"line":290,"column":21},"end":{"line":312,"column":2}},"61":{"start":{"line":291,"column":2},"end":{"line":311,"column":5}},"62":{"start":{"line":292,"column":15},"end":{"line":292,"column":87}},"63":{"start":{"line":293,"column":3},"end":{"line":310,"column":6}},"64":{"start":{"line":294,"column":4},"end":{"line":309,"column":5}},"65":{"start":{"line":295,"column":5},"end":{"line":295,"column":46}},"66":{"start":{"line":296,"column":5},"end":{"line":296,"column":22}},"67":{"start":{"line":297,"column":5},"end":{"line":297,"column":17}},"68":{"start":{"line":299,"column":5},"end":{"line":308,"column":6}},"69":{"start":{"line":300,"column":28},"end":{"line":304,"column":7}},"70":{"start":{"line":305,"column":6},"end":{"line":305,"column":29}},"71":{"start":{"line":307,"column":6},"end":{"line":307,"column":20}},"72":{"start":{"line":314,"column":22},"end":{"line":337,"column":2}},"73":{"start":{"line":315,"column":2},"end":{"line":336,"column":5}},"74":{"start":{"line":316,"column":15},"end":{"line":316,"column":205}},"75":{"start":{"line":317,"column":3},"end":{"line":335,"column":6}},"76":{"start":{"line":318,"column":4},"end":{"line":334,"column":5}},"77":{"start":{"line":319,"column":5},"end":{"line":319,"column":46}},"78":{"start":{"line":320,"column":5},"end":{"line":320,"column":22}},"79":{"start":{"line":321,"column":5},"end":{"line":321,"column":17}},"80":{"start":{"line":323,"column":29},"end":{"line":332,"column":7}},"81":{"start":{"line":324,"column":6},"end":{"line":331,"column":8}},"82":{"start":{"line":333,"column":5},"end":{"line":333,"column":30}},"83":{"start":{"line":340,"column":0},"end":{"line":340,"column":25}}},"fnMap":{"0":{"name":"(anonymous_0)","decl":{"start":{"line":5,"column":1},"end":{"line":5,"column":2}},"loc":{"start":{"line":5,"column":23},"end":{"line":8,"column":2}},"line":5},"1":{"name":"(anonymous_1)","decl":{"start":{"line":11,"column":15},"end":{"line":11,"column":16}},"loc":{"start":{"line":11,"column":21},"end":{"line":16,"column":2}},"line":11},"2":{"name":"(anonymous_2)","decl":{"start":{"line":12,"column":21},"end":{"line":12,"column":22}},"loc":{"start":{"line":12,"column":42},"end":{"line":15,"column":3}},"line":12},"3":{"name":"(anonymous_3)","decl":{"start":{"line":66,"column":23},"end":{"line":66,"column":24}},"loc":{"start":{"line":66,"column":36},"end":{"line":169,"column":2}},"line":66},"4":{"name":"(anonymous_4)","decl":{"start":{"line":142,"column":21},"end":{"line":142,"column":22}},"loc":{"start":{"line":142,"column":42},"end":{"line":168,"column":3}},"line":142},"5":{"name":"(anonymous_5)","decl":{"start":{"line":143,"column":35},"end":{"line":143,"column":36}},"loc":{"start":{"line":143,"column":50},"end":{"line":167,"column":4}},"line":143},"6":{"name":"(anonymous_6)","decl":{"start":{"line":149,"column":28},"end":{"line":149,"column":29}},"loc":{"start":{"line":149,"column":36},"end":{"line":164,"column":6}},"line":149},"7":{"name":"(anonymous_7)","decl":{"start":{"line":171,"column":14},"end":{"line":171,"column":15}},"loc":{"start":{"line":171,"column":40},"end":{"line":201,"column":2}},"line":171},"8":{"name":"(anonymous_8)","decl":{"start":{"line":172,"column":21},"end":{"line":172,"column":22}},"loc":{"start":{"line":172,"column":42},"end":{"line":200,"column":3}},"line":172},"9":{"name":"(anonymous_9)","decl":{"start":{"line":190,"column":4},"end":{"line":190,"column":5}},"loc":{"start":{"line":190,"column":19},"end":{"line":198,"column":5}},"line":190},"10":{"name":"(anonymous_10)","decl":{"start":{"line":203,"column":15},"end":{"line":203,"column":16}},"loc":{"start":{"line":203,"column":28},"end":{"line":233,"column":2}},"line":203},"11":{"name":"(anonymous_11)","decl":{"start":{"line":204,"column":21},"end":{"line":204,"column":22}},"loc":{"start":{"line":204,"column":42},"end":{"line":232,"column":3}},"line":204},"12":{"name":"(anonymous_12)","decl":{"start":{"line":206,"column":31},"end":{"line":206,"column":32}},"loc":{"start":{"line":206,"column":51},"end":{"line":231,"column":4}},"line":206},"13":{"name":"(anonymous_13)","decl":{"start":{"line":273,"column":19},"end":{"line":273,"column":20}},"loc":{"start":{"line":273,"column":52},"end":{"line":288,"column":2}},"line":273},"14":{"name":"(anonymous_14)","decl":{"start":{"line":274,"column":21},"end":{"line":274,"column":22}},"loc":{"start":{"line":274,"column":42},"end":{"line":287,"column":3}},"line":274},"15":{"name":"(anonymous_15)","decl":{"start":{"line":278,"column":51},"end":{"line":278,"column":52}},"loc":{"start":{"line":278,"column":66},"end":{"line":286,"column":4}},"line":278},"16":{"name":"(anonymous_16)","decl":{"start":{"line":290,"column":21},"end":{"line":290,"column":22}},"loc":{"start":{"line":290,"column":34},"end":{"line":312,"column":2}},"line":290},"17":{"name":"(anonymous_17)","decl":{"start":{"line":291,"column":21},"end":{"line":291,"column":22}},"loc":{"start":{"line":291,"column":42},"end":{"line":311,"column":3}},"line":291},"18":{"name":"(anonymous_18)","decl":{"start":{"line":293,"column":31},"end":{"line":293,"column":32}},"loc":{"start":{"line":293,"column":51},"end":{"line":310,"column":4}},"line":293},"19":{"name":"(anonymous_19)","decl":{"start":{"line":314,"column":22},"end":{"line":314,"column":23}},"loc":{"start":{"line":314,"column":35},"end":{"line":337,"column":2}},"line":314},"20":{"name":"(anonymous_20)","decl":{"start":{"line":315,"column":21},"end":{"line":315,"column":22}},"loc":{"start":{"line":315,"column":42},"end":{"line":336,"column":3}},"line":315},"21":{"name":"(anonymous_21)","decl":{"start":{"line":317,"column":31},"end":{"line":317,"column":32}},"loc":{"start":{"line":317,"column":52},"end":{"line":335,"column":4}},"line":317},"22":{"name":"(anonymous_22)","decl":{"start":{"line":323,"column":38},"end":{"line":323,"column":39}},"loc":{"start":{"line":323,"column":46},"end":{"line":332,"column":6}},"line":323}},"branchMap":{"0":{"loc":{"start":{"line":88,"column":2},"end":{"line":90,"column":3}},"type":"if","locations":[{"start":{"line":88,"column":2},"end":{"line":90,"column":3}},{"start":{},"end":{}}],"line":88},"1":{"loc":{"start":{"line":91,"column":2},"end":{"line":93,"column":3}},"type":"if","locations":[{"start":{"line":91,"column":2},"end":{"line":93,"column":3}},{"start":{},"end":{}}],"line":91},"2":{"loc":{"start":{"line":91,"column":5},"end":{"line":91,"column":63}},"type":"binary-expr","locations":[{"start":{"line":91,"column":5},"end":{"line":91,"column":30}},{"start":{"line":91,"column":34},"end":{"line":91,"column":63}}],"line":91},"3":{"loc":{"start":{"line":94,"column":2},"end":{"line":96,"column":3}},"type":"if","locations":[{"start":{"line":94,"column":2},"end":{"line":96,"column":3}},{"start":{},"end":{}}],"line":94},"4":{"loc":{"start":{"line":97,"column":2},"end":{"line":102,"column":3}},"type":"if","locations":[{"start":{"line":97,"column":2},"end":{"line":102,"column":3}},{"start":{},"end":{}}],"line":97},"5":{"loc":{"start":{"line":103,"column":2},"end":{"line":108,"column":3}},"type":"if","locations":[{"start":{"line":103,"column":2},"end":{"line":108,"column":3}},{"start":{},"end":{}}],"line":103},"6":{"loc":{"start":{"line":109,"column":2},"end":{"line":114,"column":3}},"type":"if","locations":[{"start":{"line":109,"column":2},"end":{"line":114,"column":3}},{"start":{},"end":{}}],"line":109},"7":{"loc":{"start":{"line":144,"column":4},"end":{"line":166,"column":5}},"type":"if","locations":[{"start":{"line":144,"column":4},"end":{"line":166,"column":5}},{"start":{"line":148,"column":11},"end":{"line":166,"column":5}}],"line":144},"8":{"loc":{"start":{"line":191,"column":5},"end":{"line":197,"column":6}},"type":"if","locations":[{"start":{"line":191,"column":5},"end":{"line":197,"column":6}},{"start":{"line":195,"column":12},"end":{"line":197,"column":6}}],"line":191},"9":{"loc":{"start":{"line":207,"column":4},"end":{"line":230,"column":5}},"type":"if","locations":[{"start":{"line":207,"column":4},"end":{"line":230,"column":5}},{"start":{"line":211,"column":11},"end":{"line":230,"column":5}}],"line":207},"10":{"loc":{"start":{"line":212,"column":5},"end":{"line":229,"column":6}},"type":"if","locations":[{"start":{"line":212,"column":5},"end":{"line":229,"column":6}},{"start":{"line":227,"column":12},"end":{"line":229,"column":6}}],"line":212},"11":{"loc":{"start":{"line":279,"column":4},"end":{"line":285,"column":5}},"type":"if","locations":[{"start":{"line":279,"column":4},"end":{"line":285,"column":5}},{"start":{"line":283,"column":11},"end":{"line":285,"column":5}}],"line":279},"12":{"loc":{"start":{"line":294,"column":4},"end":{"line":309,"column":5}},"type":"if","locations":[{"start":{"line":294,"column":4},"end":{"line":309,"column":5}},{"start":{"line":298,"column":11},"end":{"line":309,"column":5}}],"line":294},"13":{"loc":{"start":{"line":299,"column":5},"end":{"line":308,"column":6}},"type":"if","locations":[{"start":{"line":299,"column":5},"end":{"line":308,"column":6}},{"start":{"line":306,"column":12},"end":{"line":308,"column":6}}],"line":299},"14":{"loc":{"start":{"line":318,"column":4},"end":{"line":334,"column":5}},"type":"if","locations":[{"start":{"line":318,"column":4},"end":{"line":334,"column":5}},{"start":{"line":322,"column":11},"end":{"line":334,"column":5}}],"line":318}},"s":{"0":5,"1":5,"2":5,"3":5,"4":1,"5":1,"6":1,"7":5,"8":7,"9":7,"10":3,"11":7,"12":3,"13":7,"14":3,"15":7,"16":2,"17":7,"18":4,"19":7,"20":3,"21":7,"22":7,"23":4,"24":1,"25":1,"26":1,"27":3,"28":50,"29":3,"30":5,"31":3,"32":3,"33":3,"34":3,"35":1,"36":1,"37":1,"38":2,"39":5,"40":4,"41":4,"42":4,"43":4,"44":1,"45":1,"46":1,"47":3,"48":2,"49":2,"50":1,"51":5,"52":5,"53":5,"54":5,"55":5,"56":1,"57":1,"58":1,"59":4,"60":5,"61":4,"62":4,"63":4,"64":4,"65":1,"66":1,"67":1,"68":3,"69":2,"70":2,"71":1,"72":5,"73":4,"74":4,"75":4,"76":4,"77":1,"78":1,"79":1,"80":3,"81":4,"82":3,"83":5},"f":{"0":5,"1":1,"2":1,"3":7,"4":7,"5":4,"6":50,"7":3,"8":3,"9":3,"10":4,"11":4,"12":4,"13":5,"14":5,"15":5,"16":4,"17":4,"18":4,"19":4,"20":4,"21":4,"22":4},"b":{"0":[3,4],"1":[3,4],"2":[7,3],"3":[3,4],"4":[2,5],"5":[4,3],"6":[3,4],"7":[1,3],"8":[1,2],"9":[1,3],"10":[2,1],"11":[1,4],"12":[1,3],"13":[2,1],"14":[1,3]},"_coverageSchema":"1a1c01bbd47fc00a2c39e90264f33305004495a9","hash":"3762523b5261c6e8bb0bd203f46ccca0327b242a"}
,"/Users/francescorosati/Desktop/Software engineering 2/Projects/MAIN PROJECT/polito-se2-22-18-HT/server/modules/municipality-dao.js": {"path":"/Users/francescorosati/Desktop/Software engineering 2/Projects/MAIN PROJECT/polito-se2-22-18-HT/server/modules/municipality-dao.js","statementMap":{"0":{"start":{"line":3,"column":13},"end":{"line":3,"column":31}},"1":{"start":{"line":6,"column":8},"end":{"line":6,"column":21}},"2":{"start":{"line":10,"column":18},"end":{"line":15,"column":5}},"3":{"start":{"line":11,"column":8},"end":{"line":14,"column":11}},"4":{"start":{"line":12,"column":12},"end":{"line":12,"column":28}},"5":{"start":{"line":13,"column":12},"end":{"line":13,"column":26}},"6":{"start":{"line":54,"column":36},"end":{"line":74,"column":5}},"7":{"start":{"line":55,"column":8},"end":{"line":73,"column":11}},"8":{"start":{"line":56,"column":24},"end":{"line":56,"column":95}},"9":{"start":{"line":57,"column":12},"end":{"line":72,"column":15}},"10":{"start":{"line":58,"column":16},"end":{"line":71,"column":17}},"11":{"start":{"line":59,"column":20},"end":{"line":59,"column":61}},"12":{"start":{"line":60,"column":20},"end":{"line":60,"column":37}},"13":{"start":{"line":61,"column":20},"end":{"line":61,"column":32}},"14":{"start":{"line":63,"column":43},"end":{"line":68,"column":22}},"15":{"start":{"line":64,"column":24},"end":{"line":67,"column":26}},"16":{"start":{"line":70,"column":20},"end":{"line":70,"column":44}},"17":{"start":{"line":78,"column":0},"end":{"line":78,"column":33}}},"fnMap":{"0":{"name":"(anonymous_0)","decl":{"start":{"line":5,"column":4},"end":{"line":5,"column":5}},"loc":{"start":{"line":5,"column":20},"end":{"line":7,"column":5}},"line":5},"1":{"name":"(anonymous_1)","decl":{"start":{"line":10,"column":18},"end":{"line":10,"column":19}},"loc":{"start":{"line":10,"column":24},"end":{"line":15,"column":5}},"line":10},"2":{"name":"(anonymous_2)","decl":{"start":{"line":11,"column":27},"end":{"line":11,"column":28}},"loc":{"start":{"line":11,"column":48},"end":{"line":14,"column":9}},"line":11},"3":{"name":"(anonymous_3)","decl":{"start":{"line":54,"column":36},"end":{"line":54,"column":37}},"loc":{"start":{"line":54,"column":52},"end":{"line":74,"column":5}},"line":54},"4":{"name":"(anonymous_4)","decl":{"start":{"line":55,"column":27},"end":{"line":55,"column":28}},"loc":{"start":{"line":55,"column":48},"end":{"line":73,"column":9}},"line":55},"5":{"name":"(anonymous_5)","decl":{"start":{"line":57,"column":43},"end":{"line":57,"column":44}},"loc":{"start":{"line":57,"column":64},"end":{"line":72,"column":13}},"line":57},"6":{"name":"(anonymous_6)","decl":{"start":{"line":63,"column":52},"end":{"line":63,"column":53}},"loc":{"start":{"line":63,"column":60},"end":{"line":68,"column":21}},"line":63}},"branchMap":{"0":{"loc":{"start":{"line":58,"column":16},"end":{"line":71,"column":17}},"type":"if","locations":[{"start":{"line":58,"column":16},"end":{"line":71,"column":17}},{"start":{"line":62,"column":23},"end":{"line":71,"column":17}}],"line":58}},"s":{"0":5,"1":5,"2":5,"3":1,"4":1,"5":1,"6":5,"7":2,"8":2,"9":2,"10":2,"11":1,"12":1,"13":1,"14":1,"15":316,"16":1,"17":5},"f":{"0":5,"1":1,"2":1,"3":2,"4":2,"5":2,"6":316},"b":{"0":[1,1]},"_coverageSchema":"1a1c01bbd47fc00a2c39e90264f33305004495a9","hash":"d976cbf81d9ef5ac52ae2585d6c953cb81a60600"}
,"/Users/francescorosati/Desktop/Software engineering 2/Projects/MAIN PROJECT/polito-se2-22-18-HT/server/modules/place-dao.js": {"path":"/Users/francescorosati/Desktop/Software engineering 2/Projects/MAIN PROJECT/polito-se2-22-18-HT/server/modules/place-dao.js","statementMap":{"0":{"start":{"line":2,"column":10},"end":{"line":2,"column":28}},"1":{"start":{"line":5,"column":2},"end":{"line":5,"column":15}},"2":{"start":{"line":9,"column":19},"end":{"line":14,"column":2}},"3":{"start":{"line":10,"column":2},"end":{"line":13,"column":5}},"4":{"start":{"line":11,"column":3},"end":{"line":11,"column":19}},"5":{"start":{"line":12,"column":3},"end":{"line":12,"column":17}},"6":{"start":{"line":53,"column":28},"end":{"line":77,"column":2}},"7":{"start":{"line":54,"column":14},"end":{"line":54,"column":99}},"8":{"start":{"line":56,"column":2},"end":{"line":76,"column":5}},"9":{"start":{"line":57,"column":3},"end":{"line":75,"column":6}},"10":{"start":{"line":58,"column":4},"end":{"line":74,"column":5}},"11":{"start":{"line":59,"column":5},"end":{"line":59,"column":46}},"12":{"start":{"line":60,"column":5},"end":{"line":60,"column":22}},"13":{"start":{"line":61,"column":5},"end":{"line":61,"column":17}},"14":{"start":{"line":63,"column":20},"end":{"line":72,"column":7}},"15":{"start":{"line":64,"column":6},"end":{"line":71,"column":8}},"16":{"start":{"line":73,"column":5},"end":{"line":73,"column":21}},"17":{"start":{"line":79,"column":16},"end":{"line":104,"column":2}},"18":{"start":{"line":80,"column":14},"end":{"line":80,"column":55}},"19":{"start":{"line":81,"column":2},"end":{"line":103,"column":5}},"20":{"start":{"line":82,"column":3},"end":{"line":102,"column":6}},"21":{"start":{"line":83,"column":4},"end":{"line":101,"column":5}},"22":{"start":{"line":84,"column":5},"end":{"line":84,"column":46}},"23":{"start":{"line":85,"column":5},"end":{"line":85,"column":22}},"24":{"start":{"line":86,"column":5},"end":{"line":86,"column":17}},"25":{"start":{"line":88,"column":5},"end":{"line":100,"column":6}},"26":{"start":{"line":89,"column":20},"end":{"line":96,"column":7}},"27":{"start":{"line":97,"column":6},"end":{"line":97,"column":21}},"28":{"start":{"line":99,"column":6},"end":{"line":99,"column":20}},"29":{"start":{"line":113,"column":15},"end":{"line":127,"column":2}},"30":{"start":{"line":114,"column":2},"end":{"line":126,"column":5}},"31":{"start":{"line":115,"column":15},"end":{"line":115,"column":104}},"32":{"start":{"line":117,"column":3},"end":{"line":125,"column":6}},"33":{"start":{"line":118,"column":4},"end":{"line":124,"column":5}},"34":{"start":{"line":119,"column":5},"end":{"line":119,"column":46}},"35":{"start":{"line":120,"column":5},"end":{"line":120,"column":22}},"36":{"start":{"line":121,"column":5},"end":{"line":121,"column":17}},"37":{"start":{"line":123,"column":5},"end":{"line":123,"column":26}},"38":{"start":{"line":132,"column":0},"end":{"line":132,"column":26}}},"fnMap":{"0":{"name":"(anonymous_0)","decl":{"start":{"line":4,"column":1},"end":{"line":4,"column":2}},"loc":{"start":{"line":4,"column":17},"end":{"line":6,"column":2}},"line":4},"1":{"name":"(anonymous_1)","decl":{"start":{"line":9,"column":19},"end":{"line":9,"column":20}},"loc":{"start":{"line":9,"column":25},"end":{"line":14,"column":2}},"line":9},"2":{"name":"(anonymous_2)","decl":{"start":{"line":10,"column":21},"end":{"line":10,"column":22}},"loc":{"start":{"line":10,"column":42},"end":{"line":13,"column":3}},"line":10},"3":{"name":"(anonymous_3)","decl":{"start":{"line":53,"column":28},"end":{"line":53,"column":29}},"loc":{"start":{"line":53,"column":45},"end":{"line":77,"column":2}},"line":53},"4":{"name":"(anonymous_4)","decl":{"start":{"line":56,"column":21},"end":{"line":56,"column":22}},"loc":{"start":{"line":56,"column":42},"end":{"line":76,"column":3}},"line":56},"5":{"name":"(anonymous_5)","decl":{"start":{"line":57,"column":35},"end":{"line":57,"column":36}},"loc":{"start":{"line":57,"column":50},"end":{"line":75,"column":4}},"line":57},"6":{"name":"(anonymous_6)","decl":{"start":{"line":63,"column":29},"end":{"line":63,"column":30}},"loc":{"start":{"line":63,"column":37},"end":{"line":72,"column":6}},"line":63},"7":{"name":"(anonymous_7)","decl":{"start":{"line":79,"column":16},"end":{"line":79,"column":17}},"loc":{"start":{"line":79,"column":30},"end":{"line":104,"column":2}},"line":79},"8":{"name":"(anonymous_8)","decl":{"start":{"line":81,"column":21},"end":{"line":81,"column":22}},"loc":{"start":{"line":81,"column":42},"end":{"line":103,"column":3}},"line":81},"9":{"name":"(anonymous_9)","decl":{"start":{"line":82,"column":32},"end":{"line":82,"column":33}},"loc":{"start":{"line":82,"column":46},"end":{"line":102,"column":4}},"line":82},"10":{"name":"(anonymous_10)","decl":{"start":{"line":113,"column":15},"end":{"line":113,"column":16}},"loc":{"start":{"line":113,"column":47},"end":{"line":127,"column":2}},"line":113},"11":{"name":"(anonymous_11)","decl":{"start":{"line":114,"column":21},"end":{"line":114,"column":22}},"loc":{"start":{"line":114,"column":42},"end":{"line":126,"column":3}},"line":114},"12":{"name":"(anonymous_12)","decl":{"start":{"line":117,"column":116},"end":{"line":117,"column":117}},"loc":{"start":{"line":117,"column":131},"end":{"line":125,"column":4}},"line":117}},"branchMap":{"0":{"loc":{"start":{"line":58,"column":4},"end":{"line":74,"column":5}},"type":"if","locations":[{"start":{"line":58,"column":4},"end":{"line":74,"column":5}},{"start":{"line":62,"column":11},"end":{"line":74,"column":5}}],"line":58},"1":{"loc":{"start":{"line":83,"column":4},"end":{"line":101,"column":5}},"type":"if","locations":[{"start":{"line":83,"column":4},"end":{"line":101,"column":5}},{"start":{"line":87,"column":11},"end":{"line":101,"column":5}}],"line":83},"2":{"loc":{"start":{"line":88,"column":5},"end":{"line":100,"column":6}},"type":"if","locations":[{"start":{"line":88,"column":5},"end":{"line":100,"column":6}},{"start":{"line":98,"column":12},"end":{"line":100,"column":6}}],"line":88},"3":{"loc":{"start":{"line":118,"column":4},"end":{"line":124,"column":5}},"type":"if","locations":[{"start":{"line":118,"column":4},"end":{"line":124,"column":5}},{"start":{"line":122,"column":11},"end":{"line":124,"column":5}}],"line":118}},"s":{"0":5,"1":5,"2":5,"3":1,"4":1,"5":1,"6":5,"7":8,"8":8,"9":8,"10":8,"11":1,"12":1,"13":1,"14":7,"15":214,"16":7,"17":5,"18":8,"19":8,"20":8,"21":8,"22":1,"23":1,"24":1,"25":7,"26":1,"27":1,"28":6,"29":5,"30":4,"31":4,"32":4,"33":4,"34":1,"35":1,"36":1,"37":3,"38":5},"f":{"0":5,"1":1,"2":1,"3":8,"4":8,"5":8,"6":214,"7":8,"8":8,"9":8,"10":4,"11":4,"12":4},"b":{"0":[1,7],"1":[1,7],"2":[1,6],"3":[1,3]},"_coverageSchema":"1a1c01bbd47fc00a2c39e90264f33305004495a9","hash":"9c2ee83e5bcd6041bc878d3ea140c31bc5d7c921"}
,"/Users/francescorosati/Desktop/Software engineering 2/Projects/MAIN PROJECT/polito-se2-22-18-HT/server/modules/province-dao.js": {"path":"/Users/francescorosati/Desktop/Software engineering 2/Projects/MAIN PROJECT/polito-se2-22-18-HT/server/modules/province-dao.js","statementMap":{"0":{"start":{"line":3,"column":13},"end":{"line":3,"column":31}},"1":{"start":{"line":6,"column":8},"end":{"line":6,"column":21}},"2":{"start":{"line":10,"column":25},"end":{"line":15,"column":5}},"3":{"start":{"line":11,"column":8},"end":{"line":14,"column":11}},"4":{"start":{"line":12,"column":12},"end":{"line":12,"column":28}},"5":{"start":{"line":13,"column":12},"end":{"line":13,"column":26}},"6":{"start":{"line":53,"column":22},"end":{"line":76,"column":5}},"7":{"start":{"line":55,"column":20},"end":{"line":55,"column":45}},"8":{"start":{"line":57,"column":8},"end":{"line":75,"column":11}},"9":{"start":{"line":58,"column":12},"end":{"line":74,"column":15}},"10":{"start":{"line":59,"column":16},"end":{"line":73,"column":17}},"11":{"start":{"line":60,"column":20},"end":{"line":60,"column":61}},"12":{"start":{"line":61,"column":20},"end":{"line":61,"column":37}},"13":{"start":{"line":62,"column":20},"end":{"line":62,"column":32}},"14":{"start":{"line":65,"column":38},"end":{"line":71,"column":22}},"15":{"start":{"line":66,"column":24},"end":{"line":70,"column":25}},"16":{"start":{"line":72,"column":20},"end":{"line":72,"column":39}},"17":{"start":{"line":79,"column":0},"end":{"line":79,"column":29}}},"fnMap":{"0":{"name":"(anonymous_0)","decl":{"start":{"line":5,"column":4},"end":{"line":5,"column":5}},"loc":{"start":{"line":5,"column":20},"end":{"line":7,"column":5}},"line":5},"1":{"name":"(anonymous_1)","decl":{"start":{"line":10,"column":25},"end":{"line":10,"column":26}},"loc":{"start":{"line":10,"column":31},"end":{"line":15,"column":5}},"line":10},"2":{"name":"(anonymous_2)","decl":{"start":{"line":11,"column":27},"end":{"line":11,"column":28}},"loc":{"start":{"line":11,"column":48},"end":{"line":14,"column":9}},"line":11},"3":{"name":"(anonymous_3)","decl":{"start":{"line":53,"column":22},"end":{"line":53,"column":23}},"loc":{"start":{"line":53,"column":28},"end":{"line":76,"column":5}},"line":53},"4":{"name":"(anonymous_4)","decl":{"start":{"line":57,"column":27},"end":{"line":57,"column":28}},"loc":{"start":{"line":57,"column":48},"end":{"line":75,"column":9}},"line":57},"5":{"name":"(anonymous_5)","decl":{"start":{"line":58,"column":33},"end":{"line":58,"column":34}},"loc":{"start":{"line":58,"column":48},"end":{"line":74,"column":13}},"line":58},"6":{"name":"(anonymous_6)","decl":{"start":{"line":65,"column":47},"end":{"line":65,"column":48}},"loc":{"start":{"line":65,"column":55},"end":{"line":71,"column":21}},"line":65}},"branchMap":{"0":{"loc":{"start":{"line":59,"column":16},"end":{"line":73,"column":17}},"type":"if","locations":[{"start":{"line":59,"column":16},"end":{"line":73,"column":17}},{"start":{"line":63,"column":23},"end":{"line":73,"column":17}}],"line":59}},"s":{"0":5,"1":5,"2":5,"3":1,"4":1,"5":1,"6":5,"7":2,"8":2,"9":2,"10":2,"11":1,"12":1,"13":1,"14":1,"15":106,"16":1,"17":5},"f":{"0":5,"1":1,"2":1,"3":2,"4":2,"5":2,"6":106},"b":{"0":[1,1]},"_coverageSchema":"1a1c01bbd47fc00a2c39e90264f33305004495a9","hash":"fa6a2b3f35e2d456b518d26b278c9fd02152a39a"}
,"/Users/francescorosati/Desktop/Software engineering 2/Projects/MAIN PROJECT/polito-se2-22-18-HT/server/modules/user-dao.js": {"path":"/Users/francescorosati/Desktop/Software engineering 2/Projects/MAIN PROJECT/polito-se2-22-18-HT/server/modules/user-dao.js","statementMap":{"0":{"start":{"line":2,"column":10},"end":{"line":2,"column":28}},"1":{"start":{"line":3,"column":10},"end":{"line":3,"column":27}},"2":{"start":{"line":6,"column":2},"end":{"line":6,"column":15}},"3":{"start":{"line":10,"column":15},"end":{"line":15,"column":2}},"4":{"start":{"line":11,"column":2},"end":{"line":14,"column":5}},"5":{"start":{"line":12,"column":3},"end":{"line":12,"column":19}},"6":{"start":{"line":13,"column":3},"end":{"line":13,"column":17}},"7":{"start":{"line":55,"column":15},"end":{"line":72,"column":2}},"8":{"start":{"line":56,"column":2},"end":{"line":71,"column":5}},"9":{"start":{"line":57,"column":15},"end":{"line":57,"column":53}},"10":{"start":{"line":58,"column":3},"end":{"line":70,"column":6}},"11":{"start":{"line":59,"column":4},"end":{"line":69,"column":5}},"12":{"start":{"line":59,"column":13},"end":{"line":59,"column":25}},"13":{"start":{"line":60,"column":9},"end":{"line":69,"column":5}},"14":{"start":{"line":60,"column":32},"end":{"line":60,"column":46}},"15":{"start":{"line":62,"column":18},"end":{"line":67,"column":6}},"16":{"start":{"line":68,"column":5},"end":{"line":68,"column":19}},"17":{"start":{"line":75,"column":11},"end":{"line":101,"column":2}},"18":{"start":{"line":76,"column":2},"end":{"line":100,"column":5}},"19":{"start":{"line":77,"column":15},"end":{"line":77,"column":160}},"20":{"start":{"line":78,"column":3},"end":{"line":99,"column":6}},"21":{"start":{"line":79,"column":4},"end":{"line":98,"column":5}},"22":{"start":{"line":80,"column":5},"end":{"line":80,"column":17}},"23":{"start":{"line":81,"column":11},"end":{"line":98,"column":5}},"24":{"start":{"line":82,"column":5},"end":{"line":82,"column":20}},"25":{"start":{"line":85,"column":18},"end":{"line":92,"column":6}},"26":{"start":{"line":94,"column":5},"end":{"line":97,"column":8}},"27":{"start":{"line":95,"column":6},"end":{"line":96,"column":26}},"28":{"start":{"line":95,"column":18},"end":{"line":95,"column":32}},"29":{"start":{"line":96,"column":11},"end":{"line":96,"column":26}},"30":{"start":{"line":103,"column":17},"end":{"line":128,"column":2}},"31":{"start":{"line":104,"column":2},"end":{"line":127,"column":5}},"32":{"start":{"line":106,"column":15},"end":{"line":106,"column":106}},"33":{"start":{"line":108,"column":3},"end":{"line":126,"column":6}},"34":{"start":{"line":110,"column":4},"end":{"line":125,"column":7}},"35":{"start":{"line":111,"column":5},"end":{"line":124,"column":6}},"36":{"start":{"line":112,"column":6},"end":{"line":112,"column":54}},"37":{"start":{"line":115,"column":6},"end":{"line":123,"column":9}},"38":{"start":{"line":116,"column":7},"end":{"line":122,"column":8}},"39":{"start":{"line":117,"column":8},"end":{"line":117,"column":49}},"40":{"start":{"line":118,"column":8},"end":{"line":118,"column":25}},"41":{"start":{"line":119,"column":8},"end":{"line":119,"column":20}},"42":{"start":{"line":121,"column":8},"end":{"line":121,"column":29}},"43":{"start":{"line":131,"column":22},"end":{"line":144,"column":2}},"44":{"start":{"line":132,"column":2},"end":{"line":143,"column":5}},"45":{"start":{"line":133,"column":15},"end":{"line":133,"column":63}},"46":{"start":{"line":134,"column":3},"end":{"line":142,"column":6}},"47":{"start":{"line":135,"column":4},"end":{"line":141,"column":5}},"48":{"start":{"line":136,"column":5},"end":{"line":136,"column":46}},"49":{"start":{"line":137,"column":5},"end":{"line":137,"column":22}},"50":{"start":{"line":138,"column":5},"end":{"line":138,"column":17}},"51":{"start":{"line":140,"column":5},"end":{"line":140,"column":19}},"52":{"start":{"line":182,"column":15},"end":{"line":201,"column":2}},"53":{"start":{"line":183,"column":2},"end":{"line":200,"column":5}},"54":{"start":{"line":184,"column":15},"end":{"line":184,"column":36}},"55":{"start":{"line":185,"column":3},"end":{"line":199,"column":6}},"56":{"start":{"line":186,"column":4},"end":{"line":198,"column":5}},"57":{"start":{"line":187,"column":5},"end":{"line":187,"column":46}},"58":{"start":{"line":188,"column":5},"end":{"line":188,"column":22}},"59":{"start":{"line":189,"column":5},"end":{"line":189,"column":17}},"60":{"start":{"line":191,"column":18},"end":{"line":196,"column":7}},"61":{"start":{"line":192,"column":6},"end":{"line":195,"column":8}},"62":{"start":{"line":197,"column":5},"end":{"line":197,"column":19}},"63":{"start":{"line":205,"column":0},"end":{"line":205,"column":25}}},"fnMap":{"0":{"name":"(anonymous_0)","decl":{"start":{"line":5,"column":1},"end":{"line":5,"column":2}},"loc":{"start":{"line":5,"column":17},"end":{"line":7,"column":2}},"line":5},"1":{"name":"(anonymous_1)","decl":{"start":{"line":10,"column":15},"end":{"line":10,"column":16}},"loc":{"start":{"line":10,"column":21},"end":{"line":15,"column":2}},"line":10},"2":{"name":"(anonymous_2)","decl":{"start":{"line":11,"column":21},"end":{"line":11,"column":22}},"loc":{"start":{"line":11,"column":42},"end":{"line":14,"column":3}},"line":11},"3":{"name":"(anonymous_3)","decl":{"start":{"line":55,"column":15},"end":{"line":55,"column":16}},"loc":{"start":{"line":55,"column":23},"end":{"line":72,"column":2}},"line":55},"4":{"name":"(anonymous_4)","decl":{"start":{"line":56,"column":21},"end":{"line":56,"column":22}},"loc":{"start":{"line":56,"column":42},"end":{"line":71,"column":3}},"line":56},"5":{"name":"(anonymous_5)","decl":{"start":{"line":58,"column":26},"end":{"line":58,"column":27}},"loc":{"start":{"line":58,"column":40},"end":{"line":70,"column":4}},"line":58},"6":{"name":"(anonymous_6)","decl":{"start":{"line":75,"column":11},"end":{"line":75,"column":12}},"loc":{"start":{"line":75,"column":32},"end":{"line":101,"column":2}},"line":75},"7":{"name":"(anonymous_7)","decl":{"start":{"line":76,"column":21},"end":{"line":76,"column":22}},"loc":{"start":{"line":76,"column":42},"end":{"line":100,"column":3}},"line":76},"8":{"name":"(anonymous_8)","decl":{"start":{"line":78,"column":29},"end":{"line":78,"column":30}},"loc":{"start":{"line":78,"column":43},"end":{"line":99,"column":4}},"line":78},"9":{"name":"(anonymous_9)","decl":{"start":{"line":94,"column":54},"end":{"line":94,"column":55}},"loc":{"start":{"line":94,"column":66},"end":{"line":97,"column":6}},"line":94},"10":{"name":"(anonymous_10)","decl":{"start":{"line":103,"column":17},"end":{"line":103,"column":18}},"loc":{"start":{"line":103,"column":74},"end":{"line":128,"column":2}},"line":103},"11":{"name":"(anonymous_11)","decl":{"start":{"line":104,"column":21},"end":{"line":104,"column":22}},"loc":{"start":{"line":104,"column":42},"end":{"line":127,"column":3}},"line":104},"12":{"name":"(anonymous_12)","decl":{"start":{"line":108,"column":27},"end":{"line":108,"column":28}},"loc":{"start":{"line":108,"column":42},"end":{"line":126,"column":4}},"line":108},"13":{"name":"(anonymous_13)","decl":{"start":{"line":110,"column":42},"end":{"line":110,"column":43}},"loc":{"start":{"line":110,"column":57},"end":{"line":125,"column":5}},"line":110},"14":{"name":"(anonymous_14)","decl":{"start":{"line":115,"column":69},"end":{"line":115,"column":70}},"loc":{"start":{"line":115,"column":84},"end":{"line":123,"column":7}},"line":115},"15":{"name":"(anonymous_15)","decl":{"start":{"line":131,"column":22},"end":{"line":131,"column":23}},"loc":{"start":{"line":131,"column":30},"end":{"line":144,"column":2}},"line":131},"16":{"name":"(anonymous_16)","decl":{"start":{"line":132,"column":21},"end":{"line":132,"column":22}},"loc":{"start":{"line":132,"column":42},"end":{"line":143,"column":3}},"line":132},"17":{"name":"(anonymous_17)","decl":{"start":{"line":134,"column":26},"end":{"line":134,"column":27}},"loc":{"start":{"line":134,"column":41},"end":{"line":142,"column":4}},"line":134},"18":{"name":"(anonymous_18)","decl":{"start":{"line":182,"column":15},"end":{"line":182,"column":16}},"loc":{"start":{"line":182,"column":21},"end":{"line":201,"column":2}},"line":182},"19":{"name":"(anonymous_19)","decl":{"start":{"line":183,"column":21},"end":{"line":183,"column":22}},"loc":{"start":{"line":183,"column":42},"end":{"line":200,"column":3}},"line":183},"20":{"name":"(anonymous_20)","decl":{"start":{"line":185,"column":24},"end":{"line":185,"column":25}},"loc":{"start":{"line":185,"column":39},"end":{"line":199,"column":4}},"line":185},"21":{"name":"(anonymous_21)","decl":{"start":{"line":191,"column":27},"end":{"line":191,"column":28}},"loc":{"start":{"line":191,"column":35},"end":{"line":196,"column":6}},"line":191}},"branchMap":{"0":{"loc":{"start":{"line":59,"column":4},"end":{"line":69,"column":5}},"type":"if","locations":[{"start":{"line":59,"column":4},"end":{"line":69,"column":5}},{"start":{"line":60,"column":9},"end":{"line":69,"column":5}}],"line":59},"1":{"loc":{"start":{"line":60,"column":9},"end":{"line":69,"column":5}},"type":"if","locations":[{"start":{"line":60,"column":9},"end":{"line":69,"column":5}},{"start":{"line":61,"column":9},"end":{"line":69,"column":5}}],"line":60},"2":{"loc":{"start":{"line":79,"column":4},"end":{"line":98,"column":5}},"type":"if","locations":[{"start":{"line":79,"column":4},"end":{"line":98,"column":5}},{"start":{"line":81,"column":11},"end":{"line":98,"column":5}}],"line":79},"3":{"loc":{"start":{"line":81,"column":11},"end":{"line":98,"column":5}},"type":"if","locations":[{"start":{"line":81,"column":11},"end":{"line":98,"column":5}},{"start":{"line":83,"column":11},"end":{"line":98,"column":5}}],"line":81},"4":{"loc":{"start":{"line":95,"column":6},"end":{"line":96,"column":26}},"type":"if","locations":[{"start":{"line":95,"column":6},"end":{"line":96,"column":26}},{"start":{"line":96,"column":11},"end":{"line":96,"column":26}}],"line":95},"5":{"loc":{"start":{"line":111,"column":5},"end":{"line":124,"column":6}},"type":"if","locations":[{"start":{"line":111,"column":5},"end":{"line":124,"column":6}},{"start":{"line":114,"column":10},"end":{"line":124,"column":6}}],"line":111},"6":{"loc":{"start":{"line":116,"column":7},"end":{"line":122,"column":8}},"type":"if","locations":[{"start":{"line":116,"column":7},"end":{"line":122,"column":8}},{"start":{"line":120,"column":14},"end":{"line":122,"column":8}}],"line":116},"7":{"loc":{"start":{"line":135,"column":4},"end":{"line":141,"column":5}},"type":"if","locations":[{"start":{"line":135,"column":4},"end":{"line":141,"column":5}},{"start":{"line":139,"column":11},"end":{"line":141,"column":5}}],"line":135},"8":{"loc":{"start":{"line":186,"column":4},"end":{"line":198,"column":5}},"type":"if","locations":[{"start":{"line":186,"column":4},"end":{"line":198,"column":5}},{"start":{"line":190,"column":11},"end":{"line":198,"column":5}}],"line":186}},"s":{"0":5,"1":5,"2":5,"3":5,"4":1,"5":1,"6":1,"7":5,"8":5,"9":5,"10":5,"11":5,"12":1,"13":4,"14":2,"15":2,"16":2,"17":5,"18":5,"19":5,"20":5,"21":5,"22":1,"23":4,"24":1,"25":3,"26":3,"27":3,"28":2,"29":1,"30":5,"31":2,"32":2,"33":2,"34":2,"35":2,"36":0,"37":2,"38":2,"39":1,"40":1,"41":1,"42":1,"43":5,"44":3,"45":3,"46":3,"47":3,"48":1,"49":1,"50":1,"51":2,"52":5,"53":2,"54":2,"55":2,"56":2,"57":1,"58":1,"59":1,"60":1,"61":2,"62":1,"63":5},"f":{"0":5,"1":1,"2":1,"3":5,"4":5,"5":5,"6":5,"7":5,"8":5,"9":3,"10":2,"11":2,"12":2,"13":2,"14":2,"15":3,"16":3,"17":3,"18":2,"19":2,"20":2,"21":2},"b":{"0":[1,4],"1":[2,2],"2":[1,4],"3":[1,3],"4":[2,1],"5":[0,2],"6":[1,1],"7":[1,2],"8":[1,1]},"_coverageSchema":"1a1c01bbd47fc00a2c39e90264f33305004495a9","hash":"23ee94d5d856fd0b0f91f3119acf005d149ba42d"}
}
