{"/Users/francescorosati/Desktop/Software engineering 2/Projects/MAIN PROJECT/polito-se2-22-18-HT/server/modules/DbManager.js": {"path":"/Users/francescorosati/Desktop/Software engineering 2/Projects/MAIN PROJECT/polito-se2-22-18-HT/server/modules/DbManager.js","statementMap":{"0":{"start":{"line":3,"column":15},"end":{"line":3,"column":33}},"1":{"start":{"line":5,"column":13},"end":{"line":11,"column":2}},"2":{"start":{"line":13,"column":11},"end":{"line":15,"column":2}},"3":{"start":{"line":14,"column":1},"end":{"line":14,"column":20}},"4":{"start":{"line":14,"column":10},"end":{"line":14,"column":20}},"5":{"start":{"line":17,"column":16},"end":{"line":17,"column":37}},"6":{"start":{"line":18,"column":20},"end":{"line":18,"column":45}},"7":{"start":{"line":19,"column":17},"end":{"line":19,"column":39}},"8":{"start":{"line":20,"column":16},"end":{"line":20,"column":37}},"9":{"start":{"line":22,"column":17},"end":{"line":22,"column":38}},"10":{"start":{"line":23,"column":21},"end":{"line":23,"column":40}},"11":{"start":{"line":24,"column":18},"end":{"line":24,"column":34}},"12":{"start":{"line":25,"column":17},"end":{"line":25,"column":32}},"13":{"start":{"line":27,"column":0},"end":{"line":27,"column":65}}},"fnMap":{"0":{"name":"(anonymous_0)","decl":{"start":{"line":13,"column":49},"end":{"line":13,"column":50}},"loc":{"start":{"line":13,"column":58},"end":{"line":15,"column":1}},"line":13}},"branchMap":{"0":{"loc":{"start":{"line":14,"column":1},"end":{"line":14,"column":20}},"type":"if","locations":[{"start":{"line":14,"column":1},"end":{"line":14,"column":20}},{"start":{},"end":{}}],"line":14}},"s":{"0":4,"1":4,"2":4,"3":4,"4":0,"5":4,"6":4,"7":4,"8":4,"9":4,"10":4,"11":4,"12":4,"13":4},"f":{"0":4},"b":{"0":[0,4]},"_coverageSchema":"1a1c01bbd47fc00a2c39e90264f33305004495a9","hash":"f339eaa2ccdb743e1f1b3ba447d3d55a80149293"}
,"/Users/francescorosati/Desktop/Software engineering 2/Projects/MAIN PROJECT/polito-se2-22-18-HT/server/modules/hike-dao.js": {"path":"/Users/francescorosati/Desktop/Software engineering 2/Projects/MAIN PROJECT/polito-se2-22-18-HT/server/modules/hike-dao.js","statementMap":{"0":{"start":{"line":3,"column":10},"end":{"line":3,"column":28}},"1":{"start":{"line":6,"column":2},"end":{"line":6,"column":15}},"2":{"start":{"line":7,"column":2},"end":{"line":7,"column":19}},"3":{"start":{"line":11,"column":15},"end":{"line":16,"column":2}},"4":{"start":{"line":12,"column":2},"end":{"line":15,"column":5}},"5":{"start":{"line":13,"column":3},"end":{"line":13,"column":19}},"6":{"start":{"line":14,"column":3},"end":{"line":14,"column":17}},"7":{"start":{"line":66,"column":23},"end":{"line":163,"column":2}},"8":{"start":{"line":67,"column":12},"end":{"line":84,"column":68}},"9":{"start":{"line":86,"column":2},"end":{"line":88,"column":3}},"10":{"start":{"line":87,"column":3},"end":{"line":87,"column":57}},"11":{"start":{"line":89,"column":2},"end":{"line":91,"column":3}},"12":{"start":{"line":90,"column":3},"end":{"line":90,"column":60}},"13":{"start":{"line":92,"column":2},"end":{"line":97,"column":3}},"14":{"start":{"line":93,"column":3},"end":{"line":96,"column":6}},"15":{"start":{"line":98,"column":2},"end":{"line":103,"column":3}},"16":{"start":{"line":99,"column":3},"end":{"line":102,"column":6}},"17":{"start":{"line":104,"column":2},"end":{"line":109,"column":3}},"18":{"start":{"line":105,"column":3},"end":{"line":108,"column":6}},"19":{"start":{"line":137,"column":2},"end":{"line":162,"column":5}},"20":{"start":{"line":138,"column":3},"end":{"line":161,"column":6}},"21":{"start":{"line":139,"column":4},"end":{"line":160,"column":5}},"22":{"start":{"line":140,"column":5},"end":{"line":140,"column":46}},"23":{"start":{"line":141,"column":5},"end":{"line":141,"column":22}},"24":{"start":{"line":142,"column":5},"end":{"line":142,"column":17}},"25":{"start":{"line":144,"column":19},"end":{"line":158,"column":7}},"26":{"start":{"line":145,"column":6},"end":{"line":157,"column":8}},"27":{"start":{"line":159,"column":5},"end":{"line":159,"column":20}},"28":{"start":{"line":165,"column":14},"end":{"line":195,"column":2}},"29":{"start":{"line":166,"column":2},"end":{"line":194,"column":5}},"30":{"start":{"line":168,"column":4},"end":{"line":168,"column":171}},"31":{"start":{"line":170,"column":3},"end":{"line":193,"column":5}},"32":{"start":{"line":185,"column":5},"end":{"line":191,"column":6}},"33":{"start":{"line":186,"column":6},"end":{"line":186,"column":47}},"34":{"start":{"line":187,"column":6},"end":{"line":187,"column":23}},"35":{"start":{"line":188,"column":6},"end":{"line":188,"column":18}},"36":{"start":{"line":190,"column":6},"end":{"line":190,"column":27}},"37":{"start":{"line":197,"column":15},"end":{"line":227,"column":2}},"38":{"start":{"line":198,"column":2},"end":{"line":226,"column":5}},"39":{"start":{"line":199,"column":15},"end":{"line":199,"column":54}},"40":{"start":{"line":200,"column":3},"end":{"line":225,"column":6}},"41":{"start":{"line":201,"column":4},"end":{"line":224,"column":5}},"42":{"start":{"line":202,"column":5},"end":{"line":202,"column":46}},"43":{"start":{"line":203,"column":5},"end":{"line":203,"column":22}},"44":{"start":{"line":204,"column":5},"end":{"line":204,"column":17}},"45":{"start":{"line":206,"column":5},"end":{"line":223,"column":6}},"46":{"start":{"line":207,"column":19},"end":{"line":219,"column":7}},"47":{"start":{"line":220,"column":6},"end":{"line":220,"column":20}},"48":{"start":{"line":222,"column":6},"end":{"line":222,"column":20}},"49":{"start":{"line":267,"column":19},"end":{"line":282,"column":2}},"50":{"start":{"line":268,"column":2},"end":{"line":281,"column":5}},"51":{"start":{"line":270,"column":4},"end":{"line":270,"column":62}},"52":{"start":{"line":272,"column":3},"end":{"line":280,"column":6}},"53":{"start":{"line":273,"column":4},"end":{"line":279,"column":5}},"54":{"start":{"line":274,"column":5},"end":{"line":274,"column":46}},"55":{"start":{"line":275,"column":5},"end":{"line":275,"column":22}},"56":{"start":{"line":276,"column":5},"end":{"line":276,"column":17}},"57":{"start":{"line":278,"column":5},"end":{"line":278,"column":19}},"58":{"start":{"line":284,"column":21},"end":{"line":306,"column":2}},"59":{"start":{"line":285,"column":2},"end":{"line":305,"column":5}},"60":{"start":{"line":286,"column":15},"end":{"line":286,"column":87}},"61":{"start":{"line":287,"column":3},"end":{"line":304,"column":6}},"62":{"start":{"line":288,"column":4},"end":{"line":303,"column":5}},"63":{"start":{"line":289,"column":5},"end":{"line":289,"column":46}},"64":{"start":{"line":290,"column":5},"end":{"line":290,"column":22}},"65":{"start":{"line":291,"column":5},"end":{"line":291,"column":17}},"66":{"start":{"line":293,"column":5},"end":{"line":302,"column":6}},"67":{"start":{"line":294,"column":28},"end":{"line":298,"column":7}},"68":{"start":{"line":299,"column":6},"end":{"line":299,"column":29}},"69":{"start":{"line":301,"column":6},"end":{"line":301,"column":20}},"70":{"start":{"line":308,"column":22},"end":{"line":331,"column":2}},"71":{"start":{"line":309,"column":2},"end":{"line":330,"column":5}},"72":{"start":{"line":310,"column":15},"end":{"line":310,"column":205}},"73":{"start":{"line":311,"column":3},"end":{"line":329,"column":6}},"74":{"start":{"line":312,"column":4},"end":{"line":328,"column":5}},"75":{"start":{"line":313,"column":5},"end":{"line":313,"column":46}},"76":{"start":{"line":314,"column":5},"end":{"line":314,"column":22}},"77":{"start":{"line":315,"column":5},"end":{"line":315,"column":17}},"78":{"start":{"line":317,"column":29},"end":{"line":326,"column":7}},"79":{"start":{"line":318,"column":6},"end":{"line":325,"column":8}},"80":{"start":{"line":327,"column":5},"end":{"line":327,"column":30}},"81":{"start":{"line":334,"column":0},"end":{"line":334,"column":25}}},"fnMap":{"0":{"name":"(anonymous_0)","decl":{"start":{"line":5,"column":1},"end":{"line":5,"column":2}},"loc":{"start":{"line":5,"column":23},"end":{"line":8,"column":2}},"line":5},"1":{"name":"(anonymous_1)","decl":{"start":{"line":11,"column":15},"end":{"line":11,"column":16}},"loc":{"start":{"line":11,"column":21},"end":{"line":16,"column":2}},"line":11},"2":{"name":"(anonymous_2)","decl":{"start":{"line":12,"column":21},"end":{"line":12,"column":22}},"loc":{"start":{"line":12,"column":42},"end":{"line":15,"column":3}},"line":12},"3":{"name":"(anonymous_3)","decl":{"start":{"line":66,"column":23},"end":{"line":66,"column":24}},"loc":{"start":{"line":66,"column":36},"end":{"line":163,"column":2}},"line":66},"4":{"name":"(anonymous_4)","decl":{"start":{"line":137,"column":21},"end":{"line":137,"column":22}},"loc":{"start":{"line":137,"column":42},"end":{"line":162,"column":3}},"line":137},"5":{"name":"(anonymous_5)","decl":{"start":{"line":138,"column":35},"end":{"line":138,"column":36}},"loc":{"start":{"line":138,"column":50},"end":{"line":161,"column":4}},"line":138},"6":{"name":"(anonymous_6)","decl":{"start":{"line":144,"column":28},"end":{"line":144,"column":29}},"loc":{"start":{"line":144,"column":36},"end":{"line":158,"column":6}},"line":144},"7":{"name":"(anonymous_7)","decl":{"start":{"line":165,"column":14},"end":{"line":165,"column":15}},"loc":{"start":{"line":165,"column":40},"end":{"line":195,"column":2}},"line":165},"8":{"name":"(anonymous_8)","decl":{"start":{"line":166,"column":21},"end":{"line":166,"column":22}},"loc":{"start":{"line":166,"column":42},"end":{"line":194,"column":3}},"line":166},"9":{"name":"(anonymous_9)","decl":{"start":{"line":184,"column":4},"end":{"line":184,"column":5}},"loc":{"start":{"line":184,"column":19},"end":{"line":192,"column":5}},"line":184},"10":{"name":"(anonymous_10)","decl":{"start":{"line":197,"column":15},"end":{"line":197,"column":16}},"loc":{"start":{"line":197,"column":28},"end":{"line":227,"column":2}},"line":197},"11":{"name":"(anonymous_11)","decl":{"start":{"line":198,"column":21},"end":{"line":198,"column":22}},"loc":{"start":{"line":198,"column":42},"end":{"line":226,"column":3}},"line":198},"12":{"name":"(anonymous_12)","decl":{"start":{"line":200,"column":31},"end":{"line":200,"column":32}},"loc":{"start":{"line":200,"column":51},"end":{"line":225,"column":4}},"line":200},"13":{"name":"(anonymous_13)","decl":{"start":{"line":267,"column":19},"end":{"line":267,"column":20}},"loc":{"start":{"line":267,"column":52},"end":{"line":282,"column":2}},"line":267},"14":{"name":"(anonymous_14)","decl":{"start":{"line":268,"column":21},"end":{"line":268,"column":22}},"loc":{"start":{"line":268,"column":42},"end":{"line":281,"column":3}},"line":268},"15":{"name":"(anonymous_15)","decl":{"start":{"line":272,"column":51},"end":{"line":272,"column":52}},"loc":{"start":{"line":272,"column":66},"end":{"line":280,"column":4}},"line":272},"16":{"name":"(anonymous_16)","decl":{"start":{"line":284,"column":21},"end":{"line":284,"column":22}},"loc":{"start":{"line":284,"column":34},"end":{"line":306,"column":2}},"line":284},"17":{"name":"(anonymous_17)","decl":{"start":{"line":285,"column":21},"end":{"line":285,"column":22}},"loc":{"start":{"line":285,"column":42},"end":{"line":305,"column":3}},"line":285},"18":{"name":"(anonymous_18)","decl":{"start":{"line":287,"column":31},"end":{"line":287,"column":32}},"loc":{"start":{"line":287,"column":51},"end":{"line":304,"column":4}},"line":287},"19":{"name":"(anonymous_19)","decl":{"start":{"line":308,"column":22},"end":{"line":308,"column":23}},"loc":{"start":{"line":308,"column":35},"end":{"line":331,"column":2}},"line":308},"20":{"name":"(anonymous_20)","decl":{"start":{"line":309,"column":21},"end":{"line":309,"column":22}},"loc":{"start":{"line":309,"column":42},"end":{"line":330,"column":3}},"line":309},"21":{"name":"(anonymous_21)","decl":{"start":{"line":311,"column":31},"end":{"line":311,"column":32}},"loc":{"start":{"line":311,"column":52},"end":{"line":329,"column":4}},"line":311},"22":{"name":"(anonymous_22)","decl":{"start":{"line":317,"column":38},"end":{"line":317,"column":39}},"loc":{"start":{"line":317,"column":46},"end":{"line":326,"column":6}},"line":317}},"branchMap":{"0":{"loc":{"start":{"line":86,"column":2},"end":{"line":88,"column":3}},"type":"if","locations":[{"start":{"line":86,"column":2},"end":{"line":88,"column":3}},{"start":{},"end":{}}],"line":86},"1":{"loc":{"start":{"line":89,"column":2},"end":{"line":91,"column":3}},"type":"if","locations":[{"start":{"line":89,"column":2},"end":{"line":91,"column":3}},{"start":{},"end":{}}],"line":89},"2":{"loc":{"start":{"line":92,"column":2},"end":{"line":97,"column":3}},"type":"if","locations":[{"start":{"line":92,"column":2},"end":{"line":97,"column":3}},{"start":{},"end":{}}],"line":92},"3":{"loc":{"start":{"line":98,"column":2},"end":{"line":103,"column":3}},"type":"if","locations":[{"start":{"line":98,"column":2},"end":{"line":103,"column":3}},{"start":{},"end":{}}],"line":98},"4":{"loc":{"start":{"line":104,"column":2},"end":{"line":109,"column":3}},"type":"if","locations":[{"start":{"line":104,"column":2},"end":{"line":109,"column":3}},{"start":{},"end":{}}],"line":104},"5":{"loc":{"start":{"line":139,"column":4},"end":{"line":160,"column":5}},"type":"if","locations":[{"start":{"line":139,"column":4},"end":{"line":160,"column":5}},{"start":{"line":143,"column":11},"end":{"line":160,"column":5}}],"line":139},"6":{"loc":{"start":{"line":185,"column":5},"end":{"line":191,"column":6}},"type":"if","locations":[{"start":{"line":185,"column":5},"end":{"line":191,"column":6}},{"start":{"line":189,"column":12},"end":{"line":191,"column":6}}],"line":185},"7":{"loc":{"start":{"line":201,"column":4},"end":{"line":224,"column":5}},"type":"if","locations":[{"start":{"line":201,"column":4},"end":{"line":224,"column":5}},{"start":{"line":205,"column":11},"end":{"line":224,"column":5}}],"line":201},"8":{"loc":{"start":{"line":206,"column":5},"end":{"line":223,"column":6}},"type":"if","locations":[{"start":{"line":206,"column":5},"end":{"line":223,"column":6}},{"start":{"line":221,"column":12},"end":{"line":223,"column":6}}],"line":206},"9":{"loc":{"start":{"line":273,"column":4},"end":{"line":279,"column":5}},"type":"if","locations":[{"start":{"line":273,"column":4},"end":{"line":279,"column":5}},{"start":{"line":277,"column":11},"end":{"line":279,"column":5}}],"line":273},"10":{"loc":{"start":{"line":288,"column":4},"end":{"line":303,"column":5}},"type":"if","locations":[{"start":{"line":288,"column":4},"end":{"line":303,"column":5}},{"start":{"line":292,"column":11},"end":{"line":303,"column":5}}],"line":288},"11":{"loc":{"start":{"line":293,"column":5},"end":{"line":302,"column":6}},"type":"if","locations":[{"start":{"line":293,"column":5},"end":{"line":302,"column":6}},{"start":{"line":300,"column":12},"end":{"line":302,"column":6}}],"line":293},"12":{"loc":{"start":{"line":312,"column":4},"end":{"line":328,"column":5}},"type":"if","locations":[{"start":{"line":312,"column":4},"end":{"line":328,"column":5}},{"start":{"line":316,"column":11},"end":{"line":328,"column":5}}],"line":312}},"s":{"0":4,"1":4,"2":4,"3":4,"4":1,"5":1,"6":1,"7":4,"8":7,"9":7,"10":3,"11":7,"12":3,"13":7,"14":2,"15":7,"16":4,"17":7,"18":3,"19":7,"20":7,"21":7,"22":1,"23":1,"24":1,"25":6,"26":51,"27":6,"28":4,"29":3,"30":3,"31":3,"32":3,"33":1,"34":1,"35":1,"36":2,"37":4,"38":4,"39":4,"40":4,"41":4,"42":1,"43":1,"44":1,"45":3,"46":0,"47":0,"48":3,"49":4,"50":5,"51":5,"52":5,"53":5,"54":1,"55":1,"56":1,"57":4,"58":4,"59":4,"60":4,"61":4,"62":4,"63":1,"64":1,"65":1,"66":3,"67":0,"68":0,"69":3,"70":4,"71":4,"72":4,"73":4,"74":4,"75":1,"76":1,"77":1,"78":3,"79":0,"80":3,"81":4},"f":{"0":4,"1":1,"2":1,"3":7,"4":7,"5":7,"6":51,"7":3,"8":3,"9":3,"10":4,"11":4,"12":4,"13":5,"14":5,"15":5,"16":4,"17":4,"18":4,"19":4,"20":4,"21":4,"22":0},"b":{"0":[3,4],"1":[3,4],"2":[2,5],"3":[4,3],"4":[3,4],"5":[1,6],"6":[1,2],"7":[1,3],"8":[0,3],"9":[1,4],"10":[1,3],"11":[0,3],"12":[1,3]},"_coverageSchema":"1a1c01bbd47fc00a2c39e90264f33305004495a9","hash":"7681c6ae15dd28a9c39f6c3e730321430b8f944f"}
,"/Users/francescorosati/Desktop/Software engineering 2/Projects/MAIN PROJECT/polito-se2-22-18-HT/server/modules/place-dao.js": {"path":"/Users/francescorosati/Desktop/Software engineering 2/Projects/MAIN PROJECT/polito-se2-22-18-HT/server/modules/place-dao.js","statementMap":{"0":{"start":{"line":2,"column":10},"end":{"line":2,"column":28}},"1":{"start":{"line":5,"column":2},"end":{"line":5,"column":15}},"2":{"start":{"line":9,"column":19},"end":{"line":14,"column":2}},"3":{"start":{"line":10,"column":2},"end":{"line":13,"column":5}},"4":{"start":{"line":11,"column":3},"end":{"line":11,"column":19}},"5":{"start":{"line":12,"column":3},"end":{"line":12,"column":17}},"6":{"start":{"line":53,"column":28},"end":{"line":77,"column":2}},"7":{"start":{"line":54,"column":14},"end":{"line":54,"column":99}},"8":{"start":{"line":56,"column":2},"end":{"line":76,"column":5}},"9":{"start":{"line":57,"column":3},"end":{"line":75,"column":6}},"10":{"start":{"line":58,"column":4},"end":{"line":74,"column":5}},"11":{"start":{"line":59,"column":5},"end":{"line":59,"column":46}},"12":{"start":{"line":60,"column":5},"end":{"line":60,"column":22}},"13":{"start":{"line":61,"column":5},"end":{"line":61,"column":17}},"14":{"start":{"line":63,"column":20},"end":{"line":72,"column":7}},"15":{"start":{"line":64,"column":6},"end":{"line":71,"column":8}},"16":{"start":{"line":73,"column":5},"end":{"line":73,"column":21}},"17":{"start":{"line":79,"column":16},"end":{"line":104,"column":2}},"18":{"start":{"line":80,"column":14},"end":{"line":80,"column":55}},"19":{"start":{"line":81,"column":2},"end":{"line":103,"column":5}},"20":{"start":{"line":82,"column":3},"end":{"line":102,"column":6}},"21":{"start":{"line":83,"column":4},"end":{"line":101,"column":5}},"22":{"start":{"line":84,"column":5},"end":{"line":84,"column":46}},"23":{"start":{"line":85,"column":5},"end":{"line":85,"column":22}},"24":{"start":{"line":86,"column":5},"end":{"line":86,"column":17}},"25":{"start":{"line":88,"column":5},"end":{"line":100,"column":6}},"26":{"start":{"line":89,"column":20},"end":{"line":96,"column":7}},"27":{"start":{"line":97,"column":6},"end":{"line":97,"column":21}},"28":{"start":{"line":99,"column":6},"end":{"line":99,"column":20}},"29":{"start":{"line":113,"column":15},"end":{"line":127,"column":2}},"30":{"start":{"line":114,"column":2},"end":{"line":126,"column":5}},"31":{"start":{"line":115,"column":15},"end":{"line":115,"column":104}},"32":{"start":{"line":117,"column":3},"end":{"line":125,"column":6}},"33":{"start":{"line":118,"column":4},"end":{"line":124,"column":5}},"34":{"start":{"line":119,"column":5},"end":{"line":119,"column":46}},"35":{"start":{"line":120,"column":5},"end":{"line":120,"column":22}},"36":{"start":{"line":121,"column":5},"end":{"line":121,"column":17}},"37":{"start":{"line":123,"column":5},"end":{"line":123,"column":26}},"38":{"start":{"line":132,"column":0},"end":{"line":132,"column":26}}},"fnMap":{"0":{"name":"(anonymous_0)","decl":{"start":{"line":4,"column":1},"end":{"line":4,"column":2}},"loc":{"start":{"line":4,"column":17},"end":{"line":6,"column":2}},"line":4},"1":{"name":"(anonymous_1)","decl":{"start":{"line":9,"column":19},"end":{"line":9,"column":20}},"loc":{"start":{"line":9,"column":25},"end":{"line":14,"column":2}},"line":9},"2":{"name":"(anonymous_2)","decl":{"start":{"line":10,"column":21},"end":{"line":10,"column":22}},"loc":{"start":{"line":10,"column":42},"end":{"line":13,"column":3}},"line":10},"3":{"name":"(anonymous_3)","decl":{"start":{"line":53,"column":28},"end":{"line":53,"column":29}},"loc":{"start":{"line":53,"column":45},"end":{"line":77,"column":2}},"line":53},"4":{"name":"(anonymous_4)","decl":{"start":{"line":56,"column":21},"end":{"line":56,"column":22}},"loc":{"start":{"line":56,"column":42},"end":{"line":76,"column":3}},"line":56},"5":{"name":"(anonymous_5)","decl":{"start":{"line":57,"column":35},"end":{"line":57,"column":36}},"loc":{"start":{"line":57,"column":50},"end":{"line":75,"column":4}},"line":57},"6":{"name":"(anonymous_6)","decl":{"start":{"line":63,"column":29},"end":{"line":63,"column":30}},"loc":{"start":{"line":63,"column":37},"end":{"line":72,"column":6}},"line":63},"7":{"name":"(anonymous_7)","decl":{"start":{"line":79,"column":16},"end":{"line":79,"column":17}},"loc":{"start":{"line":79,"column":30},"end":{"line":104,"column":2}},"line":79},"8":{"name":"(anonymous_8)","decl":{"start":{"line":81,"column":21},"end":{"line":81,"column":22}},"loc":{"start":{"line":81,"column":42},"end":{"line":103,"column":3}},"line":81},"9":{"name":"(anonymous_9)","decl":{"start":{"line":82,"column":32},"end":{"line":82,"column":33}},"loc":{"start":{"line":82,"column":46},"end":{"line":102,"column":4}},"line":82},"10":{"name":"(anonymous_10)","decl":{"start":{"line":113,"column":15},"end":{"line":113,"column":16}},"loc":{"start":{"line":113,"column":47},"end":{"line":127,"column":2}},"line":113},"11":{"name":"(anonymous_11)","decl":{"start":{"line":114,"column":21},"end":{"line":114,"column":22}},"loc":{"start":{"line":114,"column":42},"end":{"line":126,"column":3}},"line":114},"12":{"name":"(anonymous_12)","decl":{"start":{"line":117,"column":116},"end":{"line":117,"column":117}},"loc":{"start":{"line":117,"column":131},"end":{"line":125,"column":4}},"line":117}},"branchMap":{"0":{"loc":{"start":{"line":58,"column":4},"end":{"line":74,"column":5}},"type":"if","locations":[{"start":{"line":58,"column":4},"end":{"line":74,"column":5}},{"start":{"line":62,"column":11},"end":{"line":74,"column":5}}],"line":58},"1":{"loc":{"start":{"line":83,"column":4},"end":{"line":101,"column":5}},"type":"if","locations":[{"start":{"line":83,"column":4},"end":{"line":101,"column":5}},{"start":{"line":87,"column":11},"end":{"line":101,"column":5}}],"line":83},"2":{"loc":{"start":{"line":88,"column":5},"end":{"line":100,"column":6}},"type":"if","locations":[{"start":{"line":88,"column":5},"end":{"line":100,"column":6}},{"start":{"line":98,"column":12},"end":{"line":100,"column":6}}],"line":88},"3":{"loc":{"start":{"line":118,"column":4},"end":{"line":124,"column":5}},"type":"if","locations":[{"start":{"line":118,"column":4},"end":{"line":124,"column":5}},{"start":{"line":122,"column":11},"end":{"line":124,"column":5}}],"line":118}},"s":{"0":4,"1":4,"2":4,"3":1,"4":1,"5":1,"6":4,"7":8,"8":8,"9":8,"10":8,"11":1,"12":1,"13":1,"14":7,"15":211,"16":7,"17":4,"18":8,"19":8,"20":8,"21":8,"22":1,"23":1,"24":1,"25":7,"26":1,"27":1,"28":6,"29":4,"30":4,"31":4,"32":4,"33":4,"34":1,"35":1,"36":1,"37":3,"38":4},"f":{"0":4,"1":1,"2":1,"3":8,"4":8,"5":8,"6":211,"7":8,"8":8,"9":8,"10":4,"11":4,"12":4},"b":{"0":[1,7],"1":[1,7],"2":[1,6],"3":[1,3]},"_coverageSchema":"1a1c01bbd47fc00a2c39e90264f33305004495a9","hash":"9c2ee83e5bcd6041bc878d3ea140c31bc5d7c921"}
,"/Users/francescorosati/Desktop/Software engineering 2/Projects/MAIN PROJECT/polito-se2-22-18-HT/server/modules/province-dao.js": {"path":"/Users/francescorosati/Desktop/Software engineering 2/Projects/MAIN PROJECT/polito-se2-22-18-HT/server/modules/province-dao.js","statementMap":{"0":{"start":{"line":3,"column":13},"end":{"line":3,"column":31}},"1":{"start":{"line":6,"column":8},"end":{"line":6,"column":21}},"2":{"start":{"line":10,"column":25},"end":{"line":15,"column":5}},"3":{"start":{"line":11,"column":8},"end":{"line":14,"column":11}},"4":{"start":{"line":12,"column":12},"end":{"line":12,"column":28}},"5":{"start":{"line":13,"column":12},"end":{"line":13,"column":26}},"6":{"start":{"line":53,"column":22},"end":{"line":76,"column":5}},"7":{"start":{"line":55,"column":20},"end":{"line":55,"column":45}},"8":{"start":{"line":57,"column":8},"end":{"line":75,"column":11}},"9":{"start":{"line":58,"column":12},"end":{"line":74,"column":15}},"10":{"start":{"line":59,"column":16},"end":{"line":73,"column":17}},"11":{"start":{"line":60,"column":20},"end":{"line":60,"column":61}},"12":{"start":{"line":61,"column":20},"end":{"line":61,"column":37}},"13":{"start":{"line":62,"column":20},"end":{"line":62,"column":32}},"14":{"start":{"line":65,"column":38},"end":{"line":71,"column":22}},"15":{"start":{"line":66,"column":24},"end":{"line":70,"column":25}},"16":{"start":{"line":72,"column":20},"end":{"line":72,"column":39}},"17":{"start":{"line":79,"column":0},"end":{"line":79,"column":29}}},"fnMap":{"0":{"name":"(anonymous_0)","decl":{"start":{"line":5,"column":4},"end":{"line":5,"column":5}},"loc":{"start":{"line":5,"column":20},"end":{"line":7,"column":5}},"line":5},"1":{"name":"(anonymous_1)","decl":{"start":{"line":10,"column":25},"end":{"line":10,"column":26}},"loc":{"start":{"line":10,"column":31},"end":{"line":15,"column":5}},"line":10},"2":{"name":"(anonymous_2)","decl":{"start":{"line":11,"column":27},"end":{"line":11,"column":28}},"loc":{"start":{"line":11,"column":48},"end":{"line":14,"column":9}},"line":11},"3":{"name":"(anonymous_3)","decl":{"start":{"line":53,"column":22},"end":{"line":53,"column":23}},"loc":{"start":{"line":53,"column":28},"end":{"line":76,"column":5}},"line":53},"4":{"name":"(anonymous_4)","decl":{"start":{"line":57,"column":27},"end":{"line":57,"column":28}},"loc":{"start":{"line":57,"column":48},"end":{"line":75,"column":9}},"line":57},"5":{"name":"(anonymous_5)","decl":{"start":{"line":58,"column":33},"end":{"line":58,"column":34}},"loc":{"start":{"line":58,"column":48},"end":{"line":74,"column":13}},"line":58},"6":{"name":"(anonymous_6)","decl":{"start":{"line":65,"column":47},"end":{"line":65,"column":48}},"loc":{"start":{"line":65,"column":55},"end":{"line":71,"column":21}},"line":65}},"branchMap":{"0":{"loc":{"start":{"line":59,"column":16},"end":{"line":73,"column":17}},"type":"if","locations":[{"start":{"line":59,"column":16},"end":{"line":73,"column":17}},{"start":{"line":63,"column":23},"end":{"line":73,"column":17}}],"line":59}},"s":{"0":4,"1":4,"2":4,"3":1,"4":1,"5":1,"6":4,"7":2,"8":2,"9":2,"10":2,"11":1,"12":1,"13":1,"14":1,"15":106,"16":1,"17":4},"f":{"0":4,"1":1,"2":1,"3":2,"4":2,"5":2,"6":106},"b":{"0":[1,1]},"_coverageSchema":"1a1c01bbd47fc00a2c39e90264f33305004495a9","hash":"fa6a2b3f35e2d456b518d26b278c9fd02152a39a"}
,"/Users/francescorosati/Desktop/Software engineering 2/Projects/MAIN PROJECT/polito-se2-22-18-HT/server/modules/user-dao.js": {"path":"/Users/francescorosati/Desktop/Software engineering 2/Projects/MAIN PROJECT/polito-se2-22-18-HT/server/modules/user-dao.js","statementMap":{"0":{"start":{"line":2,"column":10},"end":{"line":2,"column":28}},"1":{"start":{"line":3,"column":10},"end":{"line":3,"column":27}},"2":{"start":{"line":6,"column":2},"end":{"line":6,"column":15}},"3":{"start":{"line":10,"column":15},"end":{"line":15,"column":2}},"4":{"start":{"line":11,"column":2},"end":{"line":14,"column":5}},"5":{"start":{"line":12,"column":3},"end":{"line":12,"column":19}},"6":{"start":{"line":13,"column":3},"end":{"line":13,"column":17}},"7":{"start":{"line":55,"column":15},"end":{"line":67,"column":2}},"8":{"start":{"line":56,"column":2},"end":{"line":66,"column":5}},"9":{"start":{"line":57,"column":15},"end":{"line":57,"column":53}},"10":{"start":{"line":58,"column":3},"end":{"line":65,"column":6}},"11":{"start":{"line":59,"column":4},"end":{"line":64,"column":5}},"12":{"start":{"line":59,"column":13},"end":{"line":59,"column":25}},"13":{"start":{"line":60,"column":9},"end":{"line":64,"column":5}},"14":{"start":{"line":60,"column":32},"end":{"line":60,"column":46}},"15":{"start":{"line":62,"column":18},"end":{"line":62,"column":74}},"16":{"start":{"line":63,"column":5},"end":{"line":63,"column":19}},"17":{"start":{"line":70,"column":11},"end":{"line":95,"column":2}},"18":{"start":{"line":71,"column":2},"end":{"line":94,"column":5}},"19":{"start":{"line":72,"column":15},"end":{"line":72,"column":160}},"20":{"start":{"line":73,"column":3},"end":{"line":93,"column":6}},"21":{"start":{"line":74,"column":4},"end":{"line":92,"column":5}},"22":{"start":{"line":75,"column":5},"end":{"line":75,"column":17}},"23":{"start":{"line":76,"column":11},"end":{"line":92,"column":5}},"24":{"start":{"line":77,"column":5},"end":{"line":77,"column":20}},"25":{"start":{"line":80,"column":18},"end":{"line":86,"column":6}},"26":{"start":{"line":88,"column":5},"end":{"line":91,"column":8}},"27":{"start":{"line":89,"column":6},"end":{"line":90,"column":26}},"28":{"start":{"line":89,"column":18},"end":{"line":89,"column":32}},"29":{"start":{"line":90,"column":11},"end":{"line":90,"column":26}},"30":{"start":{"line":97,"column":17},"end":{"line":122,"column":2}},"31":{"start":{"line":98,"column":2},"end":{"line":121,"column":5}},"32":{"start":{"line":100,"column":15},"end":{"line":100,"column":94}},"33":{"start":{"line":102,"column":3},"end":{"line":120,"column":6}},"34":{"start":{"line":104,"column":4},"end":{"line":119,"column":7}},"35":{"start":{"line":105,"column":5},"end":{"line":118,"column":6}},"36":{"start":{"line":106,"column":6},"end":{"line":106,"column":54}},"37":{"start":{"line":109,"column":6},"end":{"line":117,"column":9}},"38":{"start":{"line":110,"column":7},"end":{"line":116,"column":8}},"39":{"start":{"line":111,"column":8},"end":{"line":111,"column":49}},"40":{"start":{"line":112,"column":8},"end":{"line":112,"column":25}},"41":{"start":{"line":113,"column":8},"end":{"line":113,"column":20}},"42":{"start":{"line":115,"column":8},"end":{"line":115,"column":29}},"43":{"start":{"line":160,"column":15},"end":{"line":179,"column":2}},"44":{"start":{"line":161,"column":2},"end":{"line":178,"column":5}},"45":{"start":{"line":162,"column":15},"end":{"line":162,"column":36}},"46":{"start":{"line":163,"column":3},"end":{"line":177,"column":6}},"47":{"start":{"line":164,"column":4},"end":{"line":176,"column":5}},"48":{"start":{"line":165,"column":5},"end":{"line":165,"column":46}},"49":{"start":{"line":166,"column":5},"end":{"line":166,"column":22}},"50":{"start":{"line":167,"column":5},"end":{"line":167,"column":17}},"51":{"start":{"line":169,"column":18},"end":{"line":174,"column":7}},"52":{"start":{"line":170,"column":6},"end":{"line":173,"column":8}},"53":{"start":{"line":175,"column":5},"end":{"line":175,"column":19}},"54":{"start":{"line":183,"column":0},"end":{"line":183,"column":25}}},"fnMap":{"0":{"name":"(anonymous_0)","decl":{"start":{"line":5,"column":1},"end":{"line":5,"column":2}},"loc":{"start":{"line":5,"column":17},"end":{"line":7,"column":2}},"line":5},"1":{"name":"(anonymous_1)","decl":{"start":{"line":10,"column":15},"end":{"line":10,"column":16}},"loc":{"start":{"line":10,"column":21},"end":{"line":15,"column":2}},"line":10},"2":{"name":"(anonymous_2)","decl":{"start":{"line":11,"column":21},"end":{"line":11,"column":22}},"loc":{"start":{"line":11,"column":42},"end":{"line":14,"column":3}},"line":11},"3":{"name":"(anonymous_3)","decl":{"start":{"line":55,"column":15},"end":{"line":55,"column":16}},"loc":{"start":{"line":55,"column":23},"end":{"line":67,"column":2}},"line":55},"4":{"name":"(anonymous_4)","decl":{"start":{"line":56,"column":21},"end":{"line":56,"column":22}},"loc":{"start":{"line":56,"column":42},"end":{"line":66,"column":3}},"line":56},"5":{"name":"(anonymous_5)","decl":{"start":{"line":58,"column":26},"end":{"line":58,"column":27}},"loc":{"start":{"line":58,"column":40},"end":{"line":65,"column":4}},"line":58},"6":{"name":"(anonymous_6)","decl":{"start":{"line":70,"column":11},"end":{"line":70,"column":12}},"loc":{"start":{"line":70,"column":32},"end":{"line":95,"column":2}},"line":70},"7":{"name":"(anonymous_7)","decl":{"start":{"line":71,"column":21},"end":{"line":71,"column":22}},"loc":{"start":{"line":71,"column":42},"end":{"line":94,"column":3}},"line":71},"8":{"name":"(anonymous_8)","decl":{"start":{"line":73,"column":29},"end":{"line":73,"column":30}},"loc":{"start":{"line":73,"column":43},"end":{"line":93,"column":4}},"line":73},"9":{"name":"(anonymous_9)","decl":{"start":{"line":88,"column":54},"end":{"line":88,"column":55}},"loc":{"start":{"line":88,"column":66},"end":{"line":91,"column":6}},"line":88},"10":{"name":"(anonymous_10)","decl":{"start":{"line":97,"column":17},"end":{"line":97,"column":18}},"loc":{"start":{"line":97,"column":64},"end":{"line":122,"column":2}},"line":97},"11":{"name":"(anonymous_11)","decl":{"start":{"line":98,"column":21},"end":{"line":98,"column":22}},"loc":{"start":{"line":98,"column":42},"end":{"line":121,"column":3}},"line":98},"12":{"name":"(anonymous_12)","decl":{"start":{"line":102,"column":27},"end":{"line":102,"column":28}},"loc":{"start":{"line":102,"column":42},"end":{"line":120,"column":4}},"line":102},"13":{"name":"(anonymous_13)","decl":{"start":{"line":104,"column":42},"end":{"line":104,"column":43}},"loc":{"start":{"line":104,"column":57},"end":{"line":119,"column":5}},"line":104},"14":{"name":"(anonymous_14)","decl":{"start":{"line":109,"column":59},"end":{"line":109,"column":60}},"loc":{"start":{"line":109,"column":74},"end":{"line":117,"column":7}},"line":109},"15":{"name":"(anonymous_15)","decl":{"start":{"line":160,"column":15},"end":{"line":160,"column":16}},"loc":{"start":{"line":160,"column":21},"end":{"line":179,"column":2}},"line":160},"16":{"name":"(anonymous_16)","decl":{"start":{"line":161,"column":21},"end":{"line":161,"column":22}},"loc":{"start":{"line":161,"column":42},"end":{"line":178,"column":3}},"line":161},"17":{"name":"(anonymous_17)","decl":{"start":{"line":163,"column":24},"end":{"line":163,"column":25}},"loc":{"start":{"line":163,"column":39},"end":{"line":177,"column":4}},"line":163},"18":{"name":"(anonymous_18)","decl":{"start":{"line":169,"column":27},"end":{"line":169,"column":28}},"loc":{"start":{"line":169,"column":35},"end":{"line":174,"column":6}},"line":169}},"branchMap":{"0":{"loc":{"start":{"line":59,"column":4},"end":{"line":64,"column":5}},"type":"if","locations":[{"start":{"line":59,"column":4},"end":{"line":64,"column":5}},{"start":{"line":60,"column":9},"end":{"line":64,"column":5}}],"line":59},"1":{"loc":{"start":{"line":60,"column":9},"end":{"line":64,"column":5}},"type":"if","locations":[{"start":{"line":60,"column":9},"end":{"line":64,"column":5}},{"start":{"line":61,"column":9},"end":{"line":64,"column":5}}],"line":60},"2":{"loc":{"start":{"line":74,"column":4},"end":{"line":92,"column":5}},"type":"if","locations":[{"start":{"line":74,"column":4},"end":{"line":92,"column":5}},{"start":{"line":76,"column":11},"end":{"line":92,"column":5}}],"line":74},"3":{"loc":{"start":{"line":76,"column":11},"end":{"line":92,"column":5}},"type":"if","locations":[{"start":{"line":76,"column":11},"end":{"line":92,"column":5}},{"start":{"line":78,"column":11},"end":{"line":92,"column":5}}],"line":76},"4":{"loc":{"start":{"line":89,"column":6},"end":{"line":90,"column":26}},"type":"if","locations":[{"start":{"line":89,"column":6},"end":{"line":90,"column":26}},{"start":{"line":90,"column":11},"end":{"line":90,"column":26}}],"line":89},"5":{"loc":{"start":{"line":105,"column":5},"end":{"line":118,"column":6}},"type":"if","locations":[{"start":{"line":105,"column":5},"end":{"line":118,"column":6}},{"start":{"line":108,"column":10},"end":{"line":118,"column":6}}],"line":105},"6":{"loc":{"start":{"line":110,"column":7},"end":{"line":116,"column":8}},"type":"if","locations":[{"start":{"line":110,"column":7},"end":{"line":116,"column":8}},{"start":{"line":114,"column":14},"end":{"line":116,"column":8}}],"line":110},"7":{"loc":{"start":{"line":164,"column":4},"end":{"line":176,"column":5}},"type":"if","locations":[{"start":{"line":164,"column":4},"end":{"line":176,"column":5}},{"start":{"line":168,"column":11},"end":{"line":176,"column":5}}],"line":164}},"s":{"0":4,"1":4,"2":4,"3":4,"4":1,"5":1,"6":1,"7":4,"8":5,"9":5,"10":5,"11":5,"12":1,"13":4,"14":2,"15":2,"16":2,"17":4,"18":5,"19":5,"20":5,"21":5,"22":1,"23":4,"24":1,"25":3,"26":3,"27":3,"28":2,"29":1,"30":4,"31":2,"32":2,"33":2,"34":2,"35":2,"36":0,"37":2,"38":2,"39":1,"40":1,"41":1,"42":1,"43":4,"44":2,"45":2,"46":2,"47":2,"48":1,"49":1,"50":1,"51":1,"52":2,"53":1,"54":4},"f":{"0":4,"1":1,"2":1,"3":5,"4":5,"5":5,"6":5,"7":5,"8":5,"9":3,"10":2,"11":2,"12":2,"13":2,"14":2,"15":2,"16":2,"17":2,"18":2},"b":{"0":[1,4],"1":[2,2],"2":[1,4],"3":[1,3],"4":[2,1],"5":[0,2],"6":[1,1],"7":[1,1]},"_coverageSchema":"1a1c01bbd47fc00a2c39e90264f33305004495a9","hash":"ac25bff69bc72535afd745b75b31985a00116def"}
}
