TN:
SF:modules/DbManager.js
FN:13,(anonymous_0)
FNF:1
FNH:1
FNDA:4,(anonymous_0)
DA:3,4
DA:5,4
DA:13,4
DA:14,4
DA:17,4
DA:18,4
DA:19,4
DA:20,4
DA:22,4
DA:23,4
DA:24,4
DA:25,4
DA:27,4
LF:13
LH:13
BRDA:14,0,0,0
BRDA:14,0,1,4
BRF:2
BRH:1
end_of_record
TN:
SF:modules/hike-dao.js
FN:5,(anonymous_0)
FN:11,(anonymous_1)
FN:12,(anonymous_2)
FN:66,(anonymous_3)
FN:137,(anonymous_4)
FN:138,(anonymous_5)
FN:144,(anonymous_6)
FN:165,(anonymous_7)
FN:166,(anonymous_8)
FN:184,(anonymous_9)
FN:197,(anonymous_10)
FN:198,(anonymous_11)
FN:200,(anonymous_12)
FN:267,(anonymous_13)
FN:268,(anonymous_14)
FN:272,(anonymous_15)
FN:284,(anonymous_16)
FN:285,(anonymous_17)
FN:287,(anonymous_18)
FN:308,(anonymous_19)
FN:309,(anonymous_20)
FN:311,(anonymous_21)
FN:317,(anonymous_22)
FNF:23
FNH:22
FNDA:4,(anonymous_0)
FNDA:1,(anonymous_1)
FNDA:1,(anonymous_2)
FNDA:7,(anonymous_3)
FNDA:7,(anonymous_4)
FNDA:7,(anonymous_5)
FNDA:51,(anonymous_6)
FNDA:3,(anonymous_7)
FNDA:3,(anonymous_8)
FNDA:3,(anonymous_9)
FNDA:4,(anonymous_10)
FNDA:4,(anonymous_11)
FNDA:4,(anonymous_12)
FNDA:5,(anonymous_13)
FNDA:5,(anonymous_14)
FNDA:5,(anonymous_15)
FNDA:4,(anonymous_16)
FNDA:4,(anonymous_17)
FNDA:4,(anonymous_18)
FNDA:4,(anonymous_19)
FNDA:4,(anonymous_20)
FNDA:4,(anonymous_21)
FNDA:0,(anonymous_22)
DA:3,4
DA:6,4
DA:7,4
DA:11,4
DA:12,1
DA:13,1
DA:14,1
DA:66,4
DA:67,7
DA:86,7
DA:87,3
DA:89,7
DA:90,3
DA:92,7
DA:93,2
DA:98,7
DA:99,4
DA:104,7
DA:105,3
DA:137,7
DA:138,7
DA:139,7
DA:140,1
DA:141,1
DA:142,1
DA:144,6
DA:145,51
DA:159,6
DA:165,4
DA:166,3
DA:168,3
DA:170,3
DA:185,3
DA:186,1
DA:187,1
DA:188,1
DA:190,2
DA:197,4
DA:198,4
DA:199,4
DA:200,4
DA:201,4
DA:202,1
DA:203,1
DA:204,1
DA:206,3
DA:207,0
DA:220,0
DA:222,3
DA:267,4
DA:268,5
DA:270,5
DA:272,5
DA:273,5
DA:274,1
DA:275,1
DA:276,1
DA:278,4
DA:284,4
DA:285,4
DA:286,4
DA:287,4
DA:288,4
DA:289,1
DA:290,1
DA:291,1
DA:293,3
DA:294,0
DA:299,0
DA:301,3
DA:308,4
DA:309,4
DA:310,4
DA:311,4
DA:312,4
DA:313,1
DA:314,1
DA:315,1
DA:317,3
DA:318,0
DA:327,3
DA:334,4
LF:82
LH:77
BRDA:86,0,0,3
BRDA:86,0,1,4
BRDA:89,1,0,3
BRDA:89,1,1,4
BRDA:92,2,0,2
BRDA:92,2,1,5
BRDA:98,3,0,4
BRDA:98,3,1,3
BRDA:104,4,0,3
BRDA:104,4,1,4
BRDA:139,5,0,1
BRDA:139,5,1,6
BRDA:185,6,0,1
BRDA:185,6,1,2
BRDA:201,7,0,1
BRDA:201,7,1,3
BRDA:206,8,0,0
BRDA:206,8,1,3
BRDA:273,9,0,1
BRDA:273,9,1,4
BRDA:288,10,0,1
BRDA:288,10,1,3
BRDA:293,11,0,0
BRDA:293,11,1,3
BRDA:312,12,0,1
BRDA:312,12,1,3
BRF:26
BRH:24
end_of_record
TN:
SF:modules/place-dao.js
FN:4,(anonymous_0)
FN:9,(anonymous_1)
FN:10,(anonymous_2)
FN:53,(anonymous_3)
FN:56,(anonymous_4)
FN:57,(anonymous_5)
FN:63,(anonymous_6)
FN:79,(anonymous_7)
FN:81,(anonymous_8)
FN:82,(anonymous_9)
FN:113,(anonymous_10)
FN:114,(anonymous_11)
FN:117,(anonymous_12)
FNF:13
FNH:13
FNDA:4,(anonymous_0)
FNDA:1,(anonymous_1)
FNDA:1,(anonymous_2)
FNDA:8,(anonymous_3)
FNDA:8,(anonymous_4)
FNDA:8,(anonymous_5)
FNDA:211,(anonymous_6)
FNDA:8,(anonymous_7)
FNDA:8,(anonymous_8)
FNDA:8,(anonymous_9)
FNDA:4,(anonymous_10)
FNDA:4,(anonymous_11)
FNDA:4,(anonymous_12)
DA:2,4
DA:5,4
DA:9,4
DA:10,1
DA:11,1
DA:12,1
DA:53,4
DA:54,8
DA:56,8
DA:57,8
DA:58,8
DA:59,1
DA:60,1
DA:61,1
DA:63,7
DA:64,211
DA:73,7
DA:79,4
DA:80,8
DA:81,8
DA:82,8
DA:83,8
DA:84,1
DA:85,1
DA:86,1
DA:88,7
DA:89,1
DA:97,1
DA:99,6
DA:113,4
DA:114,4
DA:115,4
DA:117,4
DA:118,4
DA:119,1
DA:120,1
DA:121,1
DA:123,3
DA:132,4
LF:39
LH:39
BRDA:58,0,0,1
BRDA:58,0,1,7
BRDA:83,1,0,1
BRDA:83,1,1,7
BRDA:88,2,0,1
BRDA:88,2,1,6
BRDA:118,3,0,1
BRDA:118,3,1,3
BRF:8
BRH:8
end_of_record
TN:
SF:modules/province-dao.js
FN:5,(anonymous_0)
FN:10,(anonymous_1)
FN:11,(anonymous_2)
FN:53,(anonymous_3)
FN:57,(anonymous_4)
FN:58,(anonymous_5)
FN:65,(anonymous_6)
FNF:7
FNH:7
FNDA:4,(anonymous_0)
FNDA:1,(anonymous_1)
FNDA:1,(anonymous_2)
FNDA:2,(anonymous_3)
FNDA:2,(anonymous_4)
FNDA:2,(anonymous_5)
FNDA:106,(anonymous_6)
DA:3,4
DA:6,4
DA:10,4
DA:11,1
DA:12,1
DA:13,1
DA:53,4
DA:55,2
DA:57,2
DA:58,2
DA:59,2
DA:60,1
DA:61,1
DA:62,1
DA:65,1
DA:66,106
DA:72,1
DA:79,4
LF:18
LH:18
BRDA:59,0,0,1
BRDA:59,0,1,1
BRF:2
BRH:2
end_of_record
TN:
SF:modules/user-dao.js
FN:5,(anonymous_0)
FN:10,(anonymous_1)
FN:11,(anonymous_2)
FN:55,(anonymous_3)
FN:56,(anonymous_4)
FN:58,(anonymous_5)
FN:70,(anonymous_6)
FN:71,(anonymous_7)
FN:73,(anonymous_8)
FN:88,(anonymous_9)
FN:97,(anonymous_10)
FN:98,(anonymous_11)
FN:102,(anonymous_12)
FN:104,(anonymous_13)
FN:109,(anonymous_14)
FN:160,(anonymous_15)
FN:161,(anonymous_16)
FN:163,(anonymous_17)
FN:169,(anonymous_18)
FNF:19
FNH:19
FNDA:4,(anonymous_0)
FNDA:1,(anonymous_1)
FNDA:1,(anonymous_2)
FNDA:5,(anonymous_3)
FNDA:5,(anonymous_4)
FNDA:5,(anonymous_5)
FNDA:5,(anonymous_6)
FNDA:5,(anonymous_7)
FNDA:5,(anonymous_8)
FNDA:3,(anonymous_9)
FNDA:2,(anonymous_10)
FNDA:2,(anonymous_11)
FNDA:2,(anonymous_12)
FNDA:2,(anonymous_13)
FNDA:2,(anonymous_14)
FNDA:2,(anonymous_15)
FNDA:2,(anonymous_16)
FNDA:2,(anonymous_17)
FNDA:2,(anonymous_18)
DA:2,4
DA:3,4
DA:6,4
DA:10,4
DA:11,1
DA:12,1
DA:13,1
DA:55,4
DA:56,5
DA:57,5
DA:58,5
DA:59,5
DA:60,4
DA:62,2
DA:63,2
DA:70,4
DA:71,5
DA:72,5
DA:73,5
DA:74,5
DA:75,1
DA:76,4
DA:77,1
DA:80,3
DA:88,3
DA:89,3
DA:90,1
DA:97,4
DA:98,2
DA:100,2
DA:102,2
DA:104,2
DA:105,2
DA:106,0
DA:109,2
DA:110,2
DA:111,1
DA:112,1
DA:113,1
DA:115,1
DA:160,4
DA:161,2
DA:162,2
DA:163,2
DA:164,2
DA:165,1
DA:166,1
DA:167,1
DA:169,1
DA:170,2
DA:175,1
DA:183,4
LF:52
LH:51
BRDA:59,0,0,1
BRDA:59,0,1,4
BRDA:60,1,0,2
BRDA:60,1,1,2
BRDA:74,2,0,1
BRDA:74,2,1,4
BRDA:76,3,0,1
BRDA:76,3,1,3
BRDA:89,4,0,2
BRDA:89,4,1,1
BRDA:105,5,0,0
BRDA:105,5,1,2
BRDA:110,6,0,1
BRDA:110,6,1,1
BRDA:164,7,0,1
BRDA:164,7,1,1
BRF:16
BRH:15
end_of_record
