TN:
SF:modules/DbManager.js
FN:13,(anonymous_0)
FNF:1
FNH:1
FNDA:5,(anonymous_0)
DA:3,5
DA:5,5
DA:13,5
DA:14,5
DA:17,5
DA:18,5
DA:19,5
DA:20,5
DA:21,5
DA:23,5
DA:24,5
DA:25,5
DA:26,5
DA:27,5
DA:29,5
LF:15
LH:15
BRDA:14,0,0,0
BRDA:14,0,1,5
BRF:2
BRH:1
end_of_record
TN:
SF:modules/hike-dao.js
FN:5,(anonymous_0)
FN:11,(anonymous_1)
FN:12,(anonymous_2)
FN:66,(anonymous_3)
FN:142,(anonymous_4)
FN:143,(anonymous_5)
FN:149,(anonymous_6)
FN:171,(anonymous_7)
FN:172,(anonymous_8)
FN:190,(anonymous_9)
FN:203,(anonymous_10)
FN:204,(anonymous_11)
FN:206,(anonymous_12)
FN:273,(anonymous_13)
FN:274,(anonymous_14)
FN:278,(anonymous_15)
FN:290,(anonymous_16)
FN:291,(anonymous_17)
FN:293,(anonymous_18)
FN:314,(anonymous_19)
FN:315,(anonymous_20)
FN:317,(anonymous_21)
FN:323,(anonymous_22)
FNF:23
FNH:23
FNDA:5,(anonymous_0)
FNDA:1,(anonymous_1)
FNDA:1,(anonymous_2)
FNDA:7,(anonymous_3)
FNDA:7,(anonymous_4)
FNDA:4,(anonymous_5)
FNDA:50,(anonymous_6)
FNDA:3,(anonymous_7)
FNDA:3,(anonymous_8)
FNDA:3,(anonymous_9)
FNDA:4,(anonymous_10)
FNDA:4,(anonymous_11)
FNDA:4,(anonymous_12)
FNDA:5,(anonymous_13)
FNDA:5,(anonymous_14)
FNDA:5,(anonymous_15)
FNDA:4,(anonymous_16)
FNDA:4,(anonymous_17)
FNDA:4,(anonymous_18)
FNDA:4,(anonymous_19)
FNDA:4,(anonymous_20)
FNDA:4,(anonymous_21)
FNDA:4,(anonymous_22)
DA:3,5
DA:6,5
DA:7,5
DA:11,5
DA:12,1
DA:13,1
DA:14,1
DA:66,5
DA:67,7
DA:88,7
DA:89,3
DA:91,7
DA:92,3
DA:94,7
DA:95,3
DA:97,7
DA:98,2
DA:103,7
DA:104,4
DA:109,7
DA:110,3
DA:142,7
DA:143,7
DA:144,4
DA:145,1
DA:146,1
DA:147,1
DA:149,3
DA:150,50
DA:165,3
DA:171,5
DA:172,3
DA:174,3
DA:176,3
DA:191,3
DA:192,1
DA:193,1
DA:194,1
DA:196,2
DA:203,5
DA:204,4
DA:205,4
DA:206,4
DA:207,4
DA:208,1
DA:209,1
DA:210,1
DA:212,3
DA:213,2
DA:226,2
DA:228,1
DA:273,5
DA:274,5
DA:276,5
DA:278,5
DA:279,5
DA:280,1
DA:281,1
DA:282,1
DA:284,4
DA:290,5
DA:291,4
DA:292,4
DA:293,4
DA:294,4
DA:295,1
DA:296,1
DA:297,1
DA:299,3
DA:300,2
DA:305,2
DA:307,1
DA:314,5
DA:315,4
DA:316,4
DA:317,4
DA:318,4
DA:319,1
DA:320,1
DA:321,1
DA:323,3
DA:324,4
DA:333,3
DA:340,5
LF:84
LH:84
BRDA:88,0,0,3
BRDA:88,0,1,4
BRDA:91,1,0,3
BRDA:91,1,1,4
BRDA:91,2,0,7
BRDA:91,2,1,3
BRDA:94,3,0,3
BRDA:94,3,1,4
BRDA:97,4,0,2
BRDA:97,4,1,5
BRDA:103,5,0,4
BRDA:103,5,1,3
BRDA:109,6,0,3
BRDA:109,6,1,4
BRDA:144,7,0,1
BRDA:144,7,1,3
BRDA:191,8,0,1
BRDA:191,8,1,2
BRDA:207,9,0,1
BRDA:207,9,1,3
BRDA:212,10,0,2
BRDA:212,10,1,1
BRDA:279,11,0,1
BRDA:279,11,1,4
BRDA:294,12,0,1
BRDA:294,12,1,3
BRDA:299,13,0,2
BRDA:299,13,1,1
BRDA:318,14,0,1
BRDA:318,14,1,3
BRF:30
BRH:30
end_of_record
TN:
SF:modules/municipality-dao.js
FN:5,(anonymous_0)
FN:10,(anonymous_1)
FN:11,(anonymous_2)
FN:54,(anonymous_3)
FN:55,(anonymous_4)
FN:57,(anonymous_5)
FN:63,(anonymous_6)
FNF:7
FNH:7
FNDA:5,(anonymous_0)
FNDA:1,(anonymous_1)
FNDA:1,(anonymous_2)
FNDA:2,(anonymous_3)
FNDA:2,(anonymous_4)
FNDA:2,(anonymous_5)
FNDA:316,(anonymous_6)
DA:3,5
DA:6,5
DA:10,5
DA:11,1
DA:12,1
DA:13,1
DA:54,5
DA:55,2
DA:56,2
DA:57,2
DA:58,2
DA:59,1
DA:60,1
DA:61,1
DA:63,1
DA:64,316
DA:70,1
DA:78,5
LF:18
LH:18
BRDA:58,0,0,1
BRDA:58,0,1,1
BRF:2
BRH:2
end_of_record
TN:
SF:modules/place-dao.js
FN:4,(anonymous_0)
FN:9,(anonymous_1)
FN:10,(anonymous_2)
FN:53,(anonymous_3)
FN:56,(anonymous_4)
FN:57,(anonymous_5)
FN:63,(anonymous_6)
FN:79,(anonymous_7)
FN:81,(anonymous_8)
FN:82,(anonymous_9)
FN:113,(anonymous_10)
FN:114,(anonymous_11)
FN:117,(anonymous_12)
FNF:13
FNH:13
FNDA:5,(anonymous_0)
FNDA:1,(anonymous_1)
FNDA:1,(anonymous_2)
FNDA:8,(anonymous_3)
FNDA:8,(anonymous_4)
FNDA:8,(anonymous_5)
FNDA:214,(anonymous_6)
FNDA:8,(anonymous_7)
FNDA:8,(anonymous_8)
FNDA:8,(anonymous_9)
FNDA:4,(anonymous_10)
FNDA:4,(anonymous_11)
FNDA:4,(anonymous_12)
DA:2,5
DA:5,5
DA:9,5
DA:10,1
DA:11,1
DA:12,1
DA:53,5
DA:54,8
DA:56,8
DA:57,8
DA:58,8
DA:59,1
DA:60,1
DA:61,1
DA:63,7
DA:64,214
DA:73,7
DA:79,5
DA:80,8
DA:81,8
DA:82,8
DA:83,8
DA:84,1
DA:85,1
DA:86,1
DA:88,7
DA:89,1
DA:97,1
DA:99,6
DA:113,5
DA:114,4
DA:115,4
DA:117,4
DA:118,4
DA:119,1
DA:120,1
DA:121,1
DA:123,3
DA:132,5
LF:39
LH:39
BRDA:58,0,0,1
BRDA:58,0,1,7
BRDA:83,1,0,1
BRDA:83,1,1,7
BRDA:88,2,0,1
BRDA:88,2,1,6
BRDA:118,3,0,1
BRDA:118,3,1,3
BRF:8
BRH:8
end_of_record
TN:
SF:modules/province-dao.js
FN:5,(anonymous_0)
FN:10,(anonymous_1)
FN:11,(anonymous_2)
FN:53,(anonymous_3)
FN:57,(anonymous_4)
FN:58,(anonymous_5)
FN:65,(anonymous_6)
FNF:7
FNH:7
FNDA:5,(anonymous_0)
FNDA:1,(anonymous_1)
FNDA:1,(anonymous_2)
FNDA:2,(anonymous_3)
FNDA:2,(anonymous_4)
FNDA:2,(anonymous_5)
FNDA:106,(anonymous_6)
DA:3,5
DA:6,5
DA:10,5
DA:11,1
DA:12,1
DA:13,1
DA:53,5
DA:55,2
DA:57,2
DA:58,2
DA:59,2
DA:60,1
DA:61,1
DA:62,1
DA:65,1
DA:66,106
DA:72,1
DA:79,5
LF:18
LH:18
BRDA:59,0,0,1
BRDA:59,0,1,1
BRF:2
BRH:2
end_of_record
TN:
SF:modules/user-dao.js
FN:5,(anonymous_0)
FN:10,(anonymous_1)
FN:11,(anonymous_2)
FN:55,(anonymous_3)
FN:56,(anonymous_4)
FN:58,(anonymous_5)
FN:75,(anonymous_6)
FN:76,(anonymous_7)
FN:78,(anonymous_8)
FN:94,(anonymous_9)
FN:103,(anonymous_10)
FN:104,(anonymous_11)
FN:108,(anonymous_12)
FN:110,(anonymous_13)
FN:115,(anonymous_14)
FN:131,(anonymous_15)
FN:132,(anonymous_16)
FN:134,(anonymous_17)
FN:182,(anonymous_18)
FN:183,(anonymous_19)
FN:185,(anonymous_20)
FN:191,(anonymous_21)
FNF:22
FNH:22
FNDA:5,(anonymous_0)
FNDA:1,(anonymous_1)
FNDA:1,(anonymous_2)
FNDA:5,(anonymous_3)
FNDA:5,(anonymous_4)
FNDA:5,(anonymous_5)
FNDA:5,(anonymous_6)
FNDA:5,(anonymous_7)
FNDA:5,(anonymous_8)
FNDA:3,(anonymous_9)
FNDA:2,(anonymous_10)
FNDA:2,(anonymous_11)
FNDA:2,(anonymous_12)
FNDA:2,(anonymous_13)
FNDA:2,(anonymous_14)
FNDA:3,(anonymous_15)
FNDA:3,(anonymous_16)
FNDA:3,(anonymous_17)
FNDA:2,(anonymous_18)
FNDA:2,(anonymous_19)
FNDA:2,(anonymous_20)
FNDA:2,(anonymous_21)
DA:2,5
DA:3,5
DA:6,5
DA:10,5
DA:11,1
DA:12,1
DA:13,1
DA:55,5
DA:56,5
DA:57,5
DA:58,5
DA:59,5
DA:60,4
DA:62,2
DA:68,2
DA:75,5
DA:76,5
DA:77,5
DA:78,5
DA:79,5
DA:80,1
DA:81,4
DA:82,1
DA:85,3
DA:94,3
DA:95,3
DA:96,1
DA:103,5
DA:104,2
DA:106,2
DA:108,2
DA:110,2
DA:111,2
DA:112,0
DA:115,2
DA:116,2
DA:117,1
DA:118,1
DA:119,1
DA:121,1
DA:131,5
DA:132,3
DA:133,3
DA:134,3
DA:135,3
DA:136,1
DA:137,1
DA:138,1
DA:140,2
DA:182,5
DA:183,2
DA:184,2
DA:185,2
DA:186,2
DA:187,1
DA:188,1
DA:189,1
DA:191,1
DA:192,2
DA:197,1
DA:205,5
LF:61
LH:60
BRDA:59,0,0,1
BRDA:59,0,1,4
BRDA:60,1,0,2
BRDA:60,1,1,2
BRDA:79,2,0,1
BRDA:79,2,1,4
BRDA:81,3,0,1
BRDA:81,3,1,3
BRDA:95,4,0,2
BRDA:95,4,1,1
BRDA:111,5,0,0
BRDA:111,5,1,2
BRDA:116,6,0,1
BRDA:116,6,1,1
BRDA:135,7,0,1
BRDA:135,7,1,2
BRDA:186,8,0,1
BRDA:186,8,1,1
BRF:18
BRH:17
end_of_record
